;  LST file generated by mikroListExporter - v.2.0 
; Date/Time: 2/27/2017 11:53:12 PM
;----------------------------------------------

;Address Opcode 	ASM
0x0000	0x2A91      	GOTO       657
_interrupt:
0x0004	0x00FF      	MOVWF      R15
0x0005	0x0E03      	SWAPF      STATUS, 0
0x0006	0x0183      	CLRF       STATUS
0x0007	0x00B2      	MOVWF      ___saveSTATUS
0x0008	0x080A      	MOVF       PCLATH, 0
0x0009	0x00B1      	MOVWF      ___savePCLATH
0x000A	0x018A      	CLRF       PCLATH
0x000B	0x0870      	MOVF       R0, 0
0x000C	0x00A8      	MOVWF      40
0x000D	0x0871      	MOVF       R1, 0
0x000E	0x00A7      	MOVWF      39
0x000F	0x0874      	MOVF       R4, 0
0x0010	0x00A6      	MOVWF      38
0x0011	0x0875      	MOVF       R5, 0
0x0012	0x00A5      	MOVWF      37
0x0013	0x0878      	MOVF       R8, 0
0x0014	0x00A4      	MOVWF      36
0x0015	0x0879      	MOVF       R9, 0
0x0016	0x00A3      	MOVWF      35
0x0017	0x087B      	MOVF       R11, 0
0x0018	0x00A2      	MOVWF      34
0x0019	0x087C      	MOVF       R12, 0
0x001A	0x00A1      	MOVWF      33
0x001B	0x087D      	MOVF       R13, 0
0x001C	0x00A0      	MOVWF      32
;PIC_2.c,156 :: 		void interrupt() { //  ISR
;PIC_2.c,157 :: 		INTCON.INTF = 0; // Clear the interrupt 0 flag
0x001D	0x108B      	BCF        INTCON, 1
;PIC_2.c,158 :: 		Stepper_Step(45);
0x001E	0x302D      	MOVLW      45
0x001F	0x00B5      	MOVWF      FARG_Stepper_Step_steps_to_move
0x0020	0x3000      	MOVLW      0
0x0021	0x00B6      	MOVWF      FARG_Stepper_Step_steps_to_move+1
0x0022	0x21B7      	CALL       _Stepper_Step
;PIC_2.c,159 :: 		}
L_end_interrupt:
L__interrupt58:
0x0023	0x0828      	MOVF       40, 0
0x0024	0x00F0      	MOVWF      R0
0x0025	0x0827      	MOVF       39, 0
0x0026	0x00F1      	MOVWF      R1
0x0027	0x0826      	MOVF       38, 0
0x0028	0x00F4      	MOVWF      R4
0x0029	0x0825      	MOVF       37, 0
0x002A	0x00F5      	MOVWF      R5
0x002B	0x0824      	MOVF       36, 0
0x002C	0x00F8      	MOVWF      R8
0x002D	0x0823      	MOVF       35, 0
0x002E	0x00F9      	MOVWF      R9
0x002F	0x0822      	MOVF       34, 0
0x0030	0x00FB      	MOVWF      R11
0x0031	0x0821      	MOVF       33, 0
0x0032	0x00FC      	MOVWF      R12
0x0033	0x0820      	MOVF       32, 0
0x0034	0x00FD      	MOVWF      R13
0x0035	0x0831      	MOVF       ___savePCLATH, 0
0x0036	0x008A      	MOVWF      PCLATH
0x0037	0x0E32      	SWAPF      ___saveSTATUS, 0
0x0038	0x0083      	MOVWF      STATUS
0x0039	0x0EFF      	SWAPF      R15, 1
0x003A	0x0E7F      	SWAPF      R15, 0
0x003B	0x0009      	RETFIE
; end of _interrupt
_Div_16x16_S_L:
;__Lib_Math.c,420 :: 		
;__Lib_Math.c,426 :: 		
0x003C	0x0D71      	RLF        R1, 0
;__Lib_Math.c,427 :: 		
0x003D	0x0DF8      	RLF        R8, 1
;__Lib_Math.c,428 :: 		
0x003E	0x0DF9      	RLF        R9, 1
;__Lib_Math.c,429 :: 		
0x003F	0x0874      	MOVF       R4, 0
;__Lib_Math.c,430 :: 		
0x0040	0x02F8      	SUBWF      R8, 1
;__Lib_Math.c,431 :: 		
0x0041	0x0875      	MOVF       R5, 0
;__Lib_Math.c,432 :: 		
0x0042	0x1C03      	BTFSS      STATUS, 0
;__Lib_Math.c,433 :: 		
0x0043	0x0F75      	INCFSZ     R5, 0
;__Lib_Math.c,434 :: 		
0x0044	0x02F9      	SUBWF      R9, 1
;__Lib_Math.c,435 :: 		
0x0045	0x0DF0      	RLF        R0, 1
;__Lib_Math.c,436 :: 		
0x0046	0x0DF1      	RLF        R1, 1
;__Lib_Math.c,438 :: 		
0x0047	0x300F      	MOVLW      15
;__Lib_Math.c,439 :: 		
0x0048	0x00FC      	MOVWF      R12
;__Lib_Math.c,441 :: 		
0x0049	0x0D71      	RLF        R1, 0
;__Lib_Math.c,442 :: 		
0x004A	0x0DF8      	RLF        R8, 1
;__Lib_Math.c,443 :: 		
0x004B	0x0DF9      	RLF        R9, 1
;__Lib_Math.c,444 :: 		
0x004C	0x0874      	MOVF       R4, 0
;__Lib_Math.c,446 :: 		
0x004D	0x1C70      	BTFSS      R0, 0
;__Lib_Math.c,447 :: 		
0x004E	0x2855      	GOTO       $+7
;__Lib_Math.c,448 :: 		
0x004F	0x02F8      	SUBWF      R8, 1
;__Lib_Math.c,449 :: 		
0x0050	0x0875      	MOVF       R5, 0
;__Lib_Math.c,450 :: 		
0x0051	0x1C03      	BTFSS      STATUS, 0
;__Lib_Math.c,451 :: 		
0x0052	0x0F75      	INCFSZ     R5, 0
;__Lib_Math.c,452 :: 		
0x0053	0x02F9      	SUBWF      R9, 1
;__Lib_Math.c,453 :: 		
0x0054	0x285A      	GOTO       $+6
;__Lib_Math.c,455 :: 		
0x0055	0x07F8      	ADDWF      R8, 1
;__Lib_Math.c,456 :: 		
0x0056	0x0875      	MOVF       R5, 0
;__Lib_Math.c,457 :: 		
0x0057	0x1803      	BTFSC      STATUS, 0
;__Lib_Math.c,458 :: 		
0x0058	0x0F75      	INCFSZ     R5, 0
;__Lib_Math.c,459 :: 		
0x0059	0x07F9      	ADDWF      R9, 1
;__Lib_Math.c,461 :: 		
0x005A	0x0DF0      	RLF        R0, 1
;__Lib_Math.c,462 :: 		
0x005B	0x0DF1      	RLF        R1, 1
;__Lib_Math.c,464 :: 		
0x005C	0x0BFC      	DECFSZ     R12, 1
;__Lib_Math.c,465 :: 		
0x005D	0x2849      	GOTO       $-20
;__Lib_Math.c,467 :: 		
0x005E	0x1870      	BTFSC      R0, 0
;__Lib_Math.c,468 :: 		
0x005F	0x2866      	GOTO       $+7
;__Lib_Math.c,469 :: 		
0x0060	0x0874      	MOVF       R4, 0
;__Lib_Math.c,470 :: 		
0x0061	0x07F8      	ADDWF      R8, 1
;__Lib_Math.c,471 :: 		
0x0062	0x0875      	MOVF       R5, 0
;__Lib_Math.c,472 :: 		
0x0063	0x1803      	BTFSC      STATUS, 0
;__Lib_Math.c,473 :: 		
0x0064	0x0F75      	INCFSZ     R5, 0
;__Lib_Math.c,474 :: 		
0x0065	0x07F9      	ADDWF      R9, 1
;__Lib_Math.c,475 :: 		
0x0066	0x0000      	NOP
;__Lib_Math.c,477 :: 		
L_end_Div_16x16_S_L:
0x0067	0x0008      	RETURN
; end of _Div_16x16_S_L
_Mul_32x32_U:
;__Lib_Math.c,1774 :: 		
;__Lib_Math.c,1789 :: 		
0x0068	0x1283      	BCF        STATUS, 5
;__Lib_Math.c,1790 :: 		
0x0069	0x1303      	BCF        STATUS, 6
;__Lib_Math.c,1791 :: 		
0x006A	0x3022      	MOVLW      34
;__Lib_Math.c,1792 :: 		
0x006B	0x00FC      	MOVWF      R12
;__Lib_Math.c,1793 :: 		
0x006C	0x01F8      	CLRF       R8
;__Lib_Math.c,1794 :: 		
0x006D	0x01F9      	CLRF       R9
;__Lib_Math.c,1795 :: 		
0x006E	0x01FA      	CLRF       R10
;__Lib_Math.c,1796 :: 		
0x006F	0x01FB      	CLRF       R11
;__Lib_Math.c,1798 :: 		
_NEXT:
;__Lib_Math.c,1802 :: 		
0x0070	0x03FC      	DECF       R12, 1
;__Lib_Math.c,1803 :: 		
0x0071	0x1903      	BTFSC      STATUS, 2
;__Lib_Math.c,1804 :: 		
0x0072	0x289E      	GOTO       _EXIT2
;__Lib_Math.c,1805 :: 		
0x0073	0x1003      	BCF        STATUS, 0
;__Lib_Math.c,1807 :: 		
_LOOP:
;__Lib_Math.c,1816 :: 		
0x0074	0x0CFB      	RRF        R11, 1
;__Lib_Math.c,1817 :: 		
0x0075	0x0CFA      	RRF        R10, 1
;__Lib_Math.c,1818 :: 		
0x0076	0x0CF9      	RRF        R9, 1
;__Lib_Math.c,1819 :: 		
0x0077	0x0CF8      	RRF        R8, 1
;__Lib_Math.c,1820 :: 		
0x0078	0x0CF3      	RRF        R3, 1
;__Lib_Math.c,1821 :: 		
0x0079	0x0CF2      	RRF        R2, 1
;__Lib_Math.c,1822 :: 		
0x007A	0x0CF1      	RRF        R1, 1
;__Lib_Math.c,1823 :: 		
0x007B	0x0CF0      	RRF        R0, 1
;__Lib_Math.c,1828 :: 		
0x007C	0x1C03      	BTFSS      STATUS, 0
;__Lib_Math.c,1829 :: 		
0x007D	0x2870      	GOTO       _NEXT
;__Lib_Math.c,1830 :: 		
0x007E	0x03FC      	DECF       R12, 1
;__Lib_Math.c,1831 :: 		
0x007F	0x1903      	BTFSC      STATUS, 2
;__Lib_Math.c,1832 :: 		
0x0080	0x2890      	GOTO       _EXIT1
;__Lib_Math.c,1839 :: 		
0x0081	0x0874      	MOVF       R4, 0
;__Lib_Math.c,1840 :: 		
0x0082	0x07F8      	ADDWF      R8, 1
;__Lib_Math.c,1841 :: 		
0x0083	0x0875      	MOVF       R5, 0
;__Lib_Math.c,1842 :: 		
0x0084	0x1803      	BTFSC      STATUS, 0
;__Lib_Math.c,1843 :: 		
0x0085	0x0F75      	INCFSZ     R5, 0
;__Lib_Math.c,1844 :: 		
0x0086	0x07F9      	ADDWF      R9, 1
;__Lib_Math.c,1845 :: 		
0x0087	0x0876      	MOVF       R6, 0
;__Lib_Math.c,1846 :: 		
0x0088	0x1803      	BTFSC      STATUS, 0
;__Lib_Math.c,1847 :: 		
0x0089	0x0F76      	INCFSZ     R6, 0
;__Lib_Math.c,1848 :: 		
0x008A	0x07FA      	ADDWF      R10, 1
;__Lib_Math.c,1849 :: 		
0x008B	0x0877      	MOVF       R7, 0
;__Lib_Math.c,1850 :: 		
0x008C	0x1803      	BTFSC      STATUS, 0
;__Lib_Math.c,1851 :: 		
0x008D	0x0F77      	INCFSZ     R7, 0
;__Lib_Math.c,1852 :: 		
0x008E	0x07FB      	ADDWF      R11, 1
;__Lib_Math.c,1854 :: 		
0x008F	0x2874      	GOTO       _LOOP
;__Lib_Math.c,1856 :: 		
_EXIT1:
;__Lib_Math.c,1861 :: 		
0x0090	0x0874      	MOVF       R4, 0
;__Lib_Math.c,1862 :: 		
0x0091	0x07F8      	ADDWF      R8, 1
;__Lib_Math.c,1863 :: 		
0x0092	0x0875      	MOVF       R5, 0
;__Lib_Math.c,1864 :: 		
0x0093	0x1803      	BTFSC      STATUS, 0
;__Lib_Math.c,1865 :: 		
0x0094	0x0F75      	INCFSZ     R5, 0
;__Lib_Math.c,1866 :: 		
0x0095	0x07F9      	ADDWF      R9, 1
;__Lib_Math.c,1867 :: 		
0x0096	0x0876      	MOVF       R6, 0
;__Lib_Math.c,1868 :: 		
0x0097	0x1803      	BTFSC      STATUS, 0
;__Lib_Math.c,1869 :: 		
0x0098	0x0F76      	INCFSZ     R6, 0
;__Lib_Math.c,1870 :: 		
0x0099	0x07FA      	ADDWF      R10, 1
;__Lib_Math.c,1871 :: 		
0x009A	0x0877      	MOVF       R7, 0
;__Lib_Math.c,1872 :: 		
0x009B	0x1803      	BTFSC      STATUS, 0
;__Lib_Math.c,1873 :: 		
0x009C	0x0F77      	INCFSZ     R7, 0
;__Lib_Math.c,1874 :: 		
0x009D	0x07FB      	ADDWF      R11, 1
;__Lib_Math.c,1877 :: 		
_EXIT2:
;__Lib_Math.c,1879 :: 		
L_end_Mul_32x32_U:
0x009E	0x0008      	RETURN
; end of _Mul_32x32_U
_____DoICP:
;__Lib_System.c,6 :: 		
;__Lib_System.c,9 :: 		
0x009F	0x1283      	BCF        STATUS, 5
0x00A0	0x1303      	BCF        STATUS, 6
0x00A1	0x082A      	MOVF       ___DoICPAddr+1, 0
0x00A2	0x008A      	MOVWF      PCLATH
;__Lib_System.c,10 :: 		
0x00A3	0x0829      	MOVF       ___DoICPAddr, 0
0x00A4	0x0082      	MOVWF      PCL
;__Lib_System.c,12 :: 		
L_end_____DoICP:
0x00A5	0x0008      	RETURN
; end of _____DoICP
_Div_16X16_U:
;__Lib_Math.c,215 :: 		
;__Lib_Math.c,222 :: 		
0x00A6	0x1283      	BCF        STATUS, 5
;__Lib_Math.c,223 :: 		
0x00A7	0x1303      	BCF        STATUS, 6
;__Lib_Math.c,224 :: 		
0x00A8	0x01F8      	CLRF       R8
;__Lib_Math.c,225 :: 		
0x00A9	0x01F9      	CLRF       R9
;__Lib_Math.c,226 :: 		
0x00AA	0x3010      	MOVLW      16
;__Lib_Math.c,227 :: 		
0x00AB	0x00FC      	MOVWF      R12
;__Lib_Math.c,228 :: 		
0x00AC	0x0D71      	RLF        R1, 0
;__Lib_Math.c,229 :: 		
0x00AD	0x0DF8      	RLF        R8, 1
;__Lib_Math.c,230 :: 		
0x00AE	0x0DF9      	RLF        R9, 1
;__Lib_Math.c,231 :: 		
0x00AF	0x0874      	MOVF       R4, 0
;__Lib_Math.c,232 :: 		
0x00B0	0x02F8      	SUBWF      R8, 1
;__Lib_Math.c,233 :: 		
0x00B1	0x0875      	MOVF       R5, 0
;__Lib_Math.c,234 :: 		
0x00B2	0x1C03      	BTFSS      STATUS, 0
;__Lib_Math.c,235 :: 		
0x00B3	0x0F75      	INCFSZ     R5, 0
;__Lib_Math.c,236 :: 		
0x00B4	0x02F9      	SUBWF      R9, 1
;__Lib_Math.c,237 :: 		
0x00B5	0x1803      	BTFSC      STATUS, 0
;__Lib_Math.c,238 :: 		
0x00B6	0x28BE      	GOTO       $+8
;__Lib_Math.c,239 :: 		
0x00B7	0x0874      	MOVF       R4, 0
;__Lib_Math.c,240 :: 		
0x00B8	0x07F8      	ADDWF      R8, 1
;__Lib_Math.c,241 :: 		
0x00B9	0x0875      	MOVF       R5, 0
;__Lib_Math.c,242 :: 		
0x00BA	0x1803      	BTFSC      STATUS, 0
;__Lib_Math.c,243 :: 		
0x00BB	0x0F75      	INCFSZ     R5, 0
;__Lib_Math.c,244 :: 		
0x00BC	0x07F9      	ADDWF      R9, 1
;__Lib_Math.c,245 :: 		
0x00BD	0x1003      	BCF        STATUS, 0
;__Lib_Math.c,246 :: 		
0x00BE	0x0DF0      	RLF        R0, 1
;__Lib_Math.c,247 :: 		
0x00BF	0x0DF1      	RLF        R1, 1
;__Lib_Math.c,248 :: 		
0x00C0	0x0BFC      	DECFSZ     R12, 1
;__Lib_Math.c,249 :: 		
0x00C1	0x28AC      	GOTO       $-21
;__Lib_Math.c,251 :: 		
L_end_Div_16X16_U:
0x00C2	0x0008      	RETURN
; end of _Div_16X16_U
_Div_16x16_S:
;__Lib_Math.c,479 :: 		
;__Lib_Math.c,487 :: 		
0x00C3	0x1283      	BCF        STATUS, 5
0x00C4	0x1303      	BCF        STATUS, 6
0x00C5	0x0874      	MOVF       R4, 0
0x00C6	0x3A00      	XORLW      0
0x00C7	0x1D03      	BTFSS      STATUS, 2
0x00C8	0x28D2      	GOTO       L_Div_16x16_S0
;__Lib_Math.c,488 :: 		
0x00C9	0x0875      	MOVF       R5, 0
0x00CA	0x3A00      	XORLW      0
0x00CB	0x1D03      	BTFSS      STATUS, 2
0x00CC	0x28D2      	GOTO       L_Div_16x16_S1
;__Lib_Math.c,489 :: 		
0x00CD	0x30FF      	MOVLW      255
0x00CE	0x00F0      	MOVWF      R0
;__Lib_Math.c,490 :: 		
0x00CF	0x307F      	MOVLW      127
0x00D0	0x00F1      	MOVWF      R1
;__Lib_Math.c,491 :: 		
0x00D1	0x292B      	GOTO       L_end_Div_16x16_S
;__Lib_Math.c,492 :: 		
L_Div_16x16_S1:
L_Div_16x16_S0:
;__Lib_Math.c,495 :: 		
0x00D2	0x1283      	BCF        STATUS, 5
;__Lib_Math.c,496 :: 		
0x00D3	0x1303      	BCF        STATUS, 6
;__Lib_Math.c,497 :: 		
0x00D4	0x01FD      	CLRF       R13
;__Lib_Math.c,498 :: 		
0x00D5	0x01F9      	CLRF       R9
;__Lib_Math.c,499 :: 		
0x00D6	0x01F8      	CLRF       R8
;__Lib_Math.c,500 :: 		
0x00D7	0x0871      	MOVF       R1, 0
;__Lib_Math.c,501 :: 		
0x00D8	0x0470      	IORWF      R0, 0
;__Lib_Math.c,502 :: 		
0x00D9	0x1903      	BTFSC      STATUS, 2
;__Lib_Math.c,503 :: 		
0x00DA	0x3400      	RETLW      0
;__Lib_Math.c,505 :: 		
0x00DB	0x0871      	MOVF       R1, 0
;__Lib_Math.c,506 :: 		
0x00DC	0x0675      	XORWF      R5, 0
;__Lib_Math.c,507 :: 		
0x00DD	0x00FA      	MOVWF      R10
;__Lib_Math.c,508 :: 		
0x00DE	0x1BFA      	BTFSC      R10, 7
;__Lib_Math.c,509 :: 		
0x00DF	0x09FD      	COMF       R13, 1
;__Lib_Math.c,511 :: 		
0x00E0	0x01FB      	CLRF       R11
;__Lib_Math.c,513 :: 		
0x00E1	0x1FF5      	BTFSS      R5, 7
;__Lib_Math.c,514 :: 		
0x00E2	0x28E8      	GOTO       $+6
;__Lib_Math.c,516 :: 		
0x00E3	0x09F4      	COMF       R4, 1
;__Lib_Math.c,517 :: 		
0x00E4	0x09F5      	COMF       R5, 1
;__Lib_Math.c,518 :: 		
0x00E5	0x0AF4      	INCF       R4, 1
;__Lib_Math.c,519 :: 		
0x00E6	0x1903      	BTFSC      STATUS, 2
;__Lib_Math.c,520 :: 		
0x00E7	0x0AF5      	INCF       R5, 1
;__Lib_Math.c,522 :: 		
0x00E8	0x1FF1      	BTFSS      R1, 7
;__Lib_Math.c,523 :: 		
0x00E9	0x28EF      	GOTO       $+6
;__Lib_Math.c,525 :: 		
0x00EA	0x09F0      	COMF       R0, 1
;__Lib_Math.c,526 :: 		
0x00EB	0x09F1      	COMF       R1, 1
;__Lib_Math.c,527 :: 		
0x00EC	0x0AF0      	INCF       R0, 1
;__Lib_Math.c,528 :: 		
0x00ED	0x1903      	BTFSC      STATUS, 2
;__Lib_Math.c,529 :: 		
0x00EE	0x0AF1      	INCF       R1, 1
;__Lib_Math.c,531 :: 		
0x00EF	0x0871      	MOVF       R1, 0
;__Lib_Math.c,532 :: 		
0x00F0	0x0475      	IORWF      R5, 0
;__Lib_Math.c,533 :: 		
0x00F1	0x00FA      	MOVWF      R10
;__Lib_Math.c,534 :: 		
0x00F2	0x1BFA      	BTFSC      R10, 7
;__Lib_Math.c,535 :: 		
0x00F3	0x2904      	GOTO       $+17
;__Lib_Math.c,537 :: 		
0x00F4	0x203C      	CALL       _Div_16x16_S_L
;__Lib_Math.c,539 :: 		
0x00F5	0x187B      	BTFSC      R11, 0
;__Lib_Math.c,540 :: 		
0x00F6	0x2917      	GOTO       $+33
;__Lib_Math.c,542 :: 		
0x00F7	0x1FFD      	BTFSS      R13, 7
;__Lib_Math.c,543 :: 		
0x00F8	0x3400      	RETLW      0
;__Lib_Math.c,545 :: 		
0x00F9	0x09F0      	COMF       R0, 1
;__Lib_Math.c,546 :: 		
0x00FA	0x09F1      	COMF       R1, 1
;__Lib_Math.c,547 :: 		
0x00FB	0x0AF0      	INCF       R0, 1
;__Lib_Math.c,548 :: 		
0x00FC	0x1903      	BTFSC      STATUS, 2
;__Lib_Math.c,549 :: 		
0x00FD	0x0AF1      	INCF       R1, 1
;__Lib_Math.c,551 :: 		
0x00FE	0x09F8      	COMF       R8, 1
;__Lib_Math.c,552 :: 		
0x00FF	0x09F9      	COMF       R9, 1
;__Lib_Math.c,553 :: 		
0x0100	0x0AF8      	INCF       R8, 1
;__Lib_Math.c,554 :: 		
0x0101	0x1903      	BTFSC      STATUS, 2
;__Lib_Math.c,555 :: 		
0x0102	0x0AF9      	INCF       R9, 1
;__Lib_Math.c,557 :: 		
0x0103	0x3400      	RETLW      0
;__Lib_Math.c,559 :: 		
0x0104	0x1FF5      	BTFSS      R5, 7
;__Lib_Math.c,560 :: 		
0x0105	0x2913      	GOTO       $+14
;__Lib_Math.c,561 :: 		
0x0106	0x1BF1      	BTFSC      R1, 7
;__Lib_Math.c,562 :: 		
0x0107	0x290F      	GOTO       $+8
;__Lib_Math.c,563 :: 		
0x0108	0x0871      	MOVF       R1, 0
;__Lib_Math.c,564 :: 		
0x0109	0x00F9      	MOVWF      R9
;__Lib_Math.c,565 :: 		
0x010A	0x0870      	MOVF       R0, 0
;__Lib_Math.c,566 :: 		
0x010B	0x00F8      	MOVWF      R8
;__Lib_Math.c,567 :: 		
0x010C	0x01F1      	CLRF       R1
;__Lib_Math.c,568 :: 		
0x010D	0x01F0      	CLRF       R0
;__Lib_Math.c,569 :: 		
0x010E	0x28F7      	GOTO       $-23
;__Lib_Math.c,570 :: 		
0x010F	0x01F1      	CLRF       R1
;__Lib_Math.c,571 :: 		
0x0110	0x01F0      	CLRF       R0
;__Lib_Math.c,572 :: 		
0x0111	0x0AF0      	INCF       R0, 1
;__Lib_Math.c,573 :: 		
0x0112	0x3400      	RETLW      0
;__Lib_Math.c,575 :: 		
0x0113	0x09F1      	COMF       R1, 1
;__Lib_Math.c,576 :: 		
0x0114	0x09F0      	COMF       R0, 1
;__Lib_Math.c,577 :: 		
0x0115	0x0AFB      	INCF       R11, 1
;__Lib_Math.c,578 :: 		
0x0116	0x28F4      	GOTO       $-34
;__Lib_Math.c,580 :: 		
0x0117	0x0AF8      	INCF       R8, 1
;__Lib_Math.c,581 :: 		
0x0118	0x1903      	BTFSC      STATUS, 2
;__Lib_Math.c,582 :: 		
0x0119	0x0AF9      	INCF       R9, 1
;__Lib_Math.c,583 :: 		
0x011A	0x0874      	MOVF       R4, 0
;__Lib_Math.c,584 :: 		
0x011B	0x0278      	SUBWF      R8, 0
;__Lib_Math.c,585 :: 		
0x011C	0x1D03      	BTFSS      STATUS, 2
;__Lib_Math.c,586 :: 		
0x011D	0x28F7      	GOTO       $-38
;__Lib_Math.c,587 :: 		
0x011E	0x0875      	MOVF       R5, 0
;__Lib_Math.c,588 :: 		
0x011F	0x0279      	SUBWF      R9, 0
;__Lib_Math.c,589 :: 		
0x0120	0x1D03      	BTFSS      STATUS, 2
;__Lib_Math.c,590 :: 		
0x0121	0x28F7      	GOTO       $-42
;__Lib_Math.c,591 :: 		
0x0122	0x01F9      	CLRF       R9
;__Lib_Math.c,592 :: 		
0x0123	0x01F8      	CLRF       R8
;__Lib_Math.c,593 :: 		
0x0124	0x0AF0      	INCF       R0, 1
;__Lib_Math.c,594 :: 		
0x0125	0x1903      	BTFSC      STATUS, 2
;__Lib_Math.c,595 :: 		
0x0126	0x0AF1      	INCF       R1, 1
;__Lib_Math.c,596 :: 		
0x0127	0x1FF1      	BTFSS      R1, 7
;__Lib_Math.c,597 :: 		
0x0128	0x28F7      	GOTO       $-49
;__Lib_Math.c,598 :: 		
0x0129	0x0000      	NOP
;__Lib_Math.c,599 :: 		
0x012A	0x34FF      	RETLW      255
;__Lib_Math.c,601 :: 		
L_end_Div_16x16_S:
0x012B	0x0008      	RETURN
; end of _Div_16x16_S
_abs:
;__Lib_CStdlib.c,37 :: 		
;__Lib_CStdlib.c,38 :: 		
0x012C	0x3080      	MOVLW      128
0x012D	0x1283      	BCF        STATUS, 5
0x012E	0x1303      	BCF        STATUS, 6
0x012F	0x063D      	XORWF      FARG_abs_a+1, 0
0x0130	0x00F0      	MOVWF      R0
0x0131	0x3080      	MOVLW      128
0x0132	0x0270      	SUBWF      R0, 0
0x0133	0x1D03      	BTFSS      STATUS, 2
0x0134	0x2937      	GOTO       L__abs93
0x0135	0x3000      	MOVLW      0
0x0136	0x023C      	SUBWF      FARG_abs_a, 0
L__abs93:
0x0137	0x1803      	BTFSC      STATUS, 0
0x0138	0x2942      	GOTO       L_abs0
;__Lib_CStdlib.c,39 :: 		
0x0139	0x083C      	MOVF       FARG_abs_a, 0
0x013A	0x3C00      	SUBLW      0
0x013B	0x00F0      	MOVWF      R0
0x013C	0x083D      	MOVF       FARG_abs_a+1, 0
0x013D	0x1C03      	BTFSS      STATUS, 0
0x013E	0x3E01      	ADDLW      1
0x013F	0x01F1      	CLRF       R0+1
0x0140	0x02F1      	SUBWF      R0+1, 1
0x0141	0x2946      	GOTO       L_end_abs
L_abs0:
;__Lib_CStdlib.c,40 :: 		
0x0142	0x083C      	MOVF       FARG_abs_a, 0
0x0143	0x00F0      	MOVWF      R0
0x0144	0x083D      	MOVF       FARG_abs_a+1, 0
0x0145	0x00F1      	MOVWF      R0+1
;__Lib_CStdlib.c,41 :: 		
L_end_abs:
0x0146	0x0008      	RETURN
; end of _abs
_VDelay_ms:
;__Lib_Delays.c,82 :: 		void VDelay_ms(unsigned Time_ms){
;__Lib_Delays.c,84 :: 		NumberOfCyc = Clock_kHz()>>2; // this will be done by compiler, no asm will be genereated except that for assignment;
0x0147	0x3088      	MOVLW      136
0x0148	0x1283      	BCF        STATUS, 5
0x0149	0x1303      	BCF        STATUS, 6
0x014A	0x00BE      	MOVWF      VDelay_ms_NumberOfCyc_L0
0x014B	0x3013      	MOVLW      19
0x014C	0x00BF      	MOVWF      VDelay_ms_NumberOfCyc_L0+1
0x014D	0x01C0      	CLRF       VDelay_ms_NumberOfCyc_L0+2
0x014E	0x01C1      	CLRF       VDelay_ms_NumberOfCyc_L0+3
;__Lib_Delays.c,85 :: 		NumberOfCyc *= Time_ms;
0x014F	0x3088      	MOVLW      136
0x0150	0x00F0      	MOVWF      R0
0x0151	0x3013      	MOVLW      19
0x0152	0x00F1      	MOVWF      R0+1
0x0153	0x3000      	MOVLW      0
0x0154	0x00F2      	MOVWF      R0+2
0x0155	0x3000      	MOVLW      0
0x0156	0x00F3      	MOVWF      R0+3
0x0157	0x083C      	MOVF       FARG_VDelay_ms_Time_ms, 0
0x0158	0x00F4      	MOVWF      R4
0x0159	0x083D      	MOVF       FARG_VDelay_ms_Time_ms+1, 0
0x015A	0x00F5      	MOVWF      R4+1
0x015B	0x01F6      	CLRF       R4+2
0x015C	0x01F7      	CLRF       R4+3
0x015D	0x2068      	CALL       _Mul_32x32_U
0x015E	0x0870      	MOVF       R0, 0
0x015F	0x00BE      	MOVWF      VDelay_ms_NumberOfCyc_L0
0x0160	0x0871      	MOVF       R0+1, 0
0x0161	0x00BF      	MOVWF      VDelay_ms_NumberOfCyc_L0+1
0x0162	0x0872      	MOVF       R0+2, 0
0x0163	0x00C0      	MOVWF      VDelay_ms_NumberOfCyc_L0+2
0x0164	0x0873      	MOVF       R0+3, 0
0x0165	0x00C1      	MOVWF      VDelay_ms_NumberOfCyc_L0+3
;__Lib_Delays.c,86 :: 		if (NumberOfCyc < 690)
0x0166	0x3000      	MOVLW      0
0x0167	0x0273      	SUBWF      R0+3, 0
0x0168	0x1D03      	BTFSS      STATUS, 2
0x0169	0x2974      	GOTO       L__VDelay_ms38
0x016A	0x3000      	MOVLW      0
0x016B	0x0272      	SUBWF      R0+2, 0
0x016C	0x1D03      	BTFSS      STATUS, 2
0x016D	0x2974      	GOTO       L__VDelay_ms38
0x016E	0x3002      	MOVLW      2
0x016F	0x0271      	SUBWF      R0+1, 0
0x0170	0x1D03      	BTFSS      STATUS, 2
0x0171	0x2974      	GOTO       L__VDelay_ms38
0x0172	0x30B2      	MOVLW      178
0x0173	0x0270      	SUBWF      R0, 0
L__VDelay_ms38:
0x0174	0x1803      	BTFSC      STATUS, 0
0x0175	0x2977      	GOTO       L_VDelay_ms15
;__Lib_Delays.c,87 :: 		return;
0x0176	0x29B6      	GOTO       L_end_VDelay_ms
L_VDelay_ms15:
;__Lib_Delays.c,88 :: 		NumberOfCyc -= 690;
0x0177	0x30B2      	MOVLW      178
0x0178	0x00F0      	MOVWF      R0
0x0179	0x3002      	MOVLW      2
0x017A	0x00F1      	MOVWF      R0+1
0x017B	0x01F2      	CLRF       R0+2
0x017C	0x01F3      	CLRF       R0+3
0x017D	0x0870      	MOVF       R0, 0
0x017E	0x02BE      	SUBWF      VDelay_ms_NumberOfCyc_L0, 1
0x017F	0x0871      	MOVF       R0+1, 0
0x0180	0x1C03      	BTFSS      STATUS, 0
0x0181	0x0F71      	INCFSZ     R0+1, 0
0x0182	0x02BF      	SUBWF      VDelay_ms_NumberOfCyc_L0+1, 1
0x0183	0x0872      	MOVF       R0+2, 0
0x0184	0x1C03      	BTFSS      STATUS, 0
0x0185	0x0F72      	INCFSZ     R0+2, 0
0x0186	0x02C0      	SUBWF      VDelay_ms_NumberOfCyc_L0+2, 1
0x0187	0x0873      	MOVF       R0+3, 0
0x0188	0x1C03      	BTFSS      STATUS, 0
0x0189	0x0F73      	INCFSZ     R0+3, 0
0x018A	0x02C1      	SUBWF      VDelay_ms_NumberOfCyc_L0+3, 1
;__Lib_Delays.c,89 :: 		NumberOfCyc =  NumberOfCyc >> 5; // Dec and While below take around 32 instructions
0x018B	0x3005      	MOVLW      5
0x018C	0x00F0      	MOVWF      R0
0x018D	0x0870      	MOVF       R0, 0
L__VDelay_ms39:
0x018E	0x1903      	BTFSC      STATUS, 2
0x018F	0x2997      	GOTO       L__VDelay_ms40
0x0190	0x0CC1      	RRF        VDelay_ms_NumberOfCyc_L0+3, 1
0x0191	0x0CC0      	RRF        VDelay_ms_NumberOfCyc_L0+2, 1
0x0192	0x0CBF      	RRF        VDelay_ms_NumberOfCyc_L0+1, 1
0x0193	0x0CBE      	RRF        VDelay_ms_NumberOfCyc_L0, 1
0x0194	0x13C1      	BCF        VDelay_ms_NumberOfCyc_L0+3, 7
0x0195	0x3EFF      	ADDLW      255
0x0196	0x298E      	GOTO       L__VDelay_ms39
L__VDelay_ms40:
;__Lib_Delays.c,90 :: 		while (NumberOfCyc--)
L_VDelay_ms16:
0x0197	0x083E      	MOVF       VDelay_ms_NumberOfCyc_L0, 0
0x0198	0x00F0      	MOVWF      R0
0x0199	0x083F      	MOVF       VDelay_ms_NumberOfCyc_L0+1, 0
0x019A	0x00F1      	MOVWF      R0+1
0x019B	0x0840      	MOVF       VDelay_ms_NumberOfCyc_L0+2, 0
0x019C	0x00F2      	MOVWF      R0+2
0x019D	0x0841      	MOVF       VDelay_ms_NumberOfCyc_L0+3, 0
0x019E	0x00F3      	MOVWF      R0+3
0x019F	0x3001      	MOVLW      1
0x01A0	0x02BE      	SUBWF      VDelay_ms_NumberOfCyc_L0, 1
0x01A1	0x1C03      	BTFSS      STATUS, 0
0x01A2	0x02BF      	SUBWF      VDelay_ms_NumberOfCyc_L0+1, 1
0x01A3	0x1C03      	BTFSS      STATUS, 0
0x01A4	0x02C0      	SUBWF      VDelay_ms_NumberOfCyc_L0+2, 1
0x01A5	0x1C03      	BTFSS      STATUS, 0
0x01A6	0x02C1      	SUBWF      VDelay_ms_NumberOfCyc_L0+3, 1
0x01A7	0x0870      	MOVF       R0, 0
0x01A8	0x0471      	IORWF      R0+1, 0
0x01A9	0x0472      	IORWF      R0+2, 0
0x01AA	0x0473      	IORWF      R0+3, 0
0x01AB	0x1903      	BTFSC      STATUS, 2
0x01AC	0x29B6      	GOTO       L_VDelay_ms17
;__Lib_Delays.c,92 :: 		asm nop;
0x01AD	0x0000      	NOP
;__Lib_Delays.c,93 :: 		asm nop;
0x01AE	0x0000      	NOP
;__Lib_Delays.c,94 :: 		asm nop;
0x01AF	0x0000      	NOP
;__Lib_Delays.c,95 :: 		asm nop;
0x01B0	0x0000      	NOP
;__Lib_Delays.c,96 :: 		asm nop;
0x01B1	0x0000      	NOP
;__Lib_Delays.c,97 :: 		asm nop;
0x01B2	0x0000      	NOP
;__Lib_Delays.c,98 :: 		asm nop;
0x01B3	0x0000      	NOP
;__Lib_Delays.c,99 :: 		asm nop;
0x01B4	0x0000      	NOP
;__Lib_Delays.c,100 :: 		}
0x01B5	0x2997      	GOTO       L_VDelay_ms16
L_VDelay_ms17:
;__Lib_Delays.c,101 :: 		}
L_end_VDelay_ms:
0x01B6	0x0008      	RETURN
; end of _VDelay_ms
_Stepper_Step:
;Stepper.c,23 :: 		void Stepper_Step(int steps_to_move){
;Stepper.c,26 :: 		int steps_left = abs(steps_to_move);
0x01B7	0x1283      	BCF        STATUS, 5
0x01B8	0x1303      	BCF        STATUS, 6
0x01B9	0x0835      	MOVF       FARG_Stepper_Step_steps_to_move, 0
0x01BA	0x00BC      	MOVWF      FARG_abs_a
0x01BB	0x0836      	MOVF       FARG_Stepper_Step_steps_to_move+1, 0
0x01BC	0x00BD      	MOVWF      FARG_abs_a+1
0x01BD	0x212C      	CALL       _abs
0x01BE	0x0870      	MOVF       R0, 0
0x01BF	0x00B9      	MOVWF      Stepper_Step_steps_left_L0
0x01C0	0x0871      	MOVF       R0+1, 0
0x01C1	0x00BA      	MOVWF      Stepper_Step_steps_left_L0+1
;Stepper.c,28 :: 		if (steps_to_move > 0) {direction = 1;}
0x01C2	0x3080      	MOVLW      128
0x01C3	0x00F0      	MOVWF      R0
0x01C4	0x3080      	MOVLW      128
0x01C5	0x0636      	XORWF      FARG_Stepper_Step_steps_to_move+1, 0
0x01C6	0x0270      	SUBWF      R0, 0
0x01C7	0x1D03      	BTFSS      STATUS, 2
0x01C8	0x29CB      	GOTO       L__Stepper_Step18
0x01C9	0x0835      	MOVF       FARG_Stepper_Step_steps_to_move, 0
0x01CA	0x3C00      	SUBLW      0
L__Stepper_Step18:
0x01CB	0x1803      	BTFSC      STATUS, 0
0x01CC	0x29CE      	GOTO       L_Stepper_Step1
0x01CD	0x143B      	BSF        Stepper_Step_direction_L0, BitPos(Stepper_Step_direction_L0+0)
L_Stepper_Step1:
;Stepper.c,29 :: 		if (steps_to_move < 0) {direction = 0;}
0x01CE	0x3080      	MOVLW      128
0x01CF	0x0636      	XORWF      FARG_Stepper_Step_steps_to_move+1, 0
0x01D0	0x00F0      	MOVWF      R0
0x01D1	0x3080      	MOVLW      128
0x01D2	0x0270      	SUBWF      R0, 0
0x01D3	0x1D03      	BTFSS      STATUS, 2
0x01D4	0x29D7      	GOTO       L__Stepper_Step19
0x01D5	0x3000      	MOVLW      0
0x01D6	0x0235      	SUBWF      FARG_Stepper_Step_steps_to_move, 0
L__Stepper_Step19:
0x01D7	0x1803      	BTFSC      STATUS, 0
0x01D8	0x29DA      	GOTO       L_Stepper_Step2
0x01D9	0x103B      	BCF        Stepper_Step_direction_L0, BitPos(Stepper_Step_direction_L0+0)
L_Stepper_Step2:
;Stepper.c,30 :: 		while(steps_left > 0) {
L_Stepper_Step3:
0x01DA	0x3080      	MOVLW      128
0x01DB	0x00F0      	MOVWF      R0
0x01DC	0x3080      	MOVLW      128
0x01DD	0x063A      	XORWF      Stepper_Step_steps_left_L0+1, 0
0x01DE	0x0270      	SUBWF      R0, 0
0x01DF	0x1D03      	BTFSS      STATUS, 2
0x01E0	0x29E3      	GOTO       L__Stepper_Step20
0x01E1	0x0839      	MOVF       Stepper_Step_steps_left_L0, 0
0x01E2	0x3C00      	SUBLW      0
L__Stepper_Step20:
0x01E3	0x1803      	BTFSC      STATUS, 0
0x01E4	0x2A51      	GOTO       L_Stepper_Step4
;Stepper.c,31 :: 		Vdelay_ms(step_delay);
0x01E5	0x082D      	MOVF       _Step_delay, 0
0x01E6	0x00BC      	MOVWF      FARG_VDelay_ms_Time_ms
0x01E7	0x082E      	MOVF       _Step_delay+1, 0
0x01E8	0x00BD      	MOVWF      FARG_VDelay_ms_Time_ms+1
0x01E9	0x2147      	CALL       _VDelay_ms
;Stepper.c,32 :: 		if (direction == 1) {
0x01EA	0x1C3B      	BTFSS      Stepper_Step_direction_L0, BitPos(Stepper_Step_direction_L0+0)
0x01EB	0x29FA      	GOTO       L_Stepper_Step5
;Stepper.c,33 :: 		step_number++;
0x01EC	0x0AB7      	INCF       Stepper_Step_step_number_L0, 1
0x01ED	0x1903      	BTFSC      STATUS, 2
0x01EE	0x0AB8      	INCF       Stepper_Step_step_number_L0+1, 1
;Stepper.c,34 :: 		if (step_number == number_of_steps) {
0x01EF	0x0838      	MOVF       Stepper_Step_step_number_L0+1, 0
0x01F0	0x062C      	XORWF      _number_of_steps+1, 0
0x01F1	0x1D03      	BTFSS      STATUS, 2
0x01F2	0x29F5      	GOTO       L__Stepper_Step21
0x01F3	0x082B      	MOVF       _number_of_steps, 0
0x01F4	0x0637      	XORWF      Stepper_Step_step_number_L0, 0
L__Stepper_Step21:
0x01F5	0x1D03      	BTFSS      STATUS, 2
0x01F6	0x29F9      	GOTO       L_Stepper_Step6
;Stepper.c,35 :: 		step_number = 0;
0x01F7	0x01B7      	CLRF       Stepper_Step_step_number_L0
0x01F8	0x01B8      	CLRF       Stepper_Step_step_number_L0+1
;Stepper.c,36 :: 		}
L_Stepper_Step6:
;Stepper.c,37 :: 		}
0x01F9	0x2A0A      	GOTO       L_Stepper_Step7
L_Stepper_Step5:
;Stepper.c,39 :: 		if (step_number == 0) {
0x01FA	0x3000      	MOVLW      0
0x01FB	0x0638      	XORWF      Stepper_Step_step_number_L0+1, 0
0x01FC	0x1D03      	BTFSS      STATUS, 2
0x01FD	0x2A00      	GOTO       L__Stepper_Step22
0x01FE	0x3000      	MOVLW      0
0x01FF	0x0637      	XORWF      Stepper_Step_step_number_L0, 0
L__Stepper_Step22:
0x0200	0x1D03      	BTFSS      STATUS, 2
0x0201	0x2A06      	GOTO       L_Stepper_Step8
;Stepper.c,40 :: 		step_number = number_of_steps;
0x0202	0x082B      	MOVF       _number_of_steps, 0
0x0203	0x00B7      	MOVWF      Stepper_Step_step_number_L0
0x0204	0x082C      	MOVF       _number_of_steps+1, 0
0x0205	0x00B8      	MOVWF      Stepper_Step_step_number_L0+1
;Stepper.c,41 :: 		}
L_Stepper_Step8:
;Stepper.c,42 :: 		step_number--;
0x0206	0x3001      	MOVLW      1
0x0207	0x02B7      	SUBWF      Stepper_Step_step_number_L0, 1
0x0208	0x1C03      	BTFSS      STATUS, 0
0x0209	0x03B8      	DECF       Stepper_Step_step_number_L0+1, 1
;Stepper.c,43 :: 		}
L_Stepper_Step7:
;Stepper.c,45 :: 		steps_left--;
0x020A	0x3001      	MOVLW      1
0x020B	0x02B9      	SUBWF      Stepper_Step_steps_left_L0, 1
0x020C	0x1C03      	BTFSS      STATUS, 0
0x020D	0x03BA      	DECF       Stepper_Step_steps_left_L0+1, 1
;Stepper.c,47 :: 		switch ((step_number % 4)) {
0x020E	0x3004      	MOVLW      4
0x020F	0x00F4      	MOVWF      R4
0x0210	0x3000      	MOVLW      0
0x0211	0x00F5      	MOVWF      R4+1
0x0212	0x0837      	MOVF       Stepper_Step_step_number_L0, 0
0x0213	0x00F0      	MOVWF      R0
0x0214	0x0838      	MOVF       Stepper_Step_step_number_L0+1, 0
0x0215	0x00F1      	MOVWF      R0+1
0x0216	0x20C3      	CALL       _Div_16x16_S
0x0217	0x0878      	MOVF       R8, 0
0x0218	0x00F0      	MOVWF      R0
0x0219	0x0879      	MOVF       R8+1, 0
0x021A	0x00F1      	MOVWF      R0+1
0x021B	0x2A30      	GOTO       L_Stepper_Step9
;Stepper.c,48 :: 		case 0:    // 1010
L_Stepper_Step11:
;Stepper.c,49 :: 		Stepper_pin1 = 1;
0x021C	0x1408      	BSF        Stepper_pin1, BitPos(Stepper_pin1+0)
;Stepper.c,50 :: 		Stepper_pin2 = 0;
0x021D	0x1088      	BCF        Stepper_pin2, BitPos(Stepper_pin2+0)
;Stepper.c,51 :: 		Stepper_pin3 = 1;
0x021E	0x1508      	BSF        Stepper_pin3, BitPos(Stepper_pin3+0)
;Stepper.c,52 :: 		Stepper_pin4 = 0;
0x021F	0x1188      	BCF        Stepper_pin4, BitPos(Stepper_pin4+0)
;Stepper.c,53 :: 		break;
0x0220	0x2A50      	GOTO       L_Stepper_Step10
;Stepper.c,54 :: 		case 1:    // 0110
L_Stepper_Step12:
;Stepper.c,55 :: 		Stepper_pin1 = 0;
0x0221	0x1008      	BCF        Stepper_pin1, BitPos(Stepper_pin1+0)
;Stepper.c,56 :: 		Stepper_pin2 = 1;
0x0222	0x1488      	BSF        Stepper_pin2, BitPos(Stepper_pin2+0)
;Stepper.c,57 :: 		Stepper_pin3 = 1;
0x0223	0x1508      	BSF        Stepper_pin3, BitPos(Stepper_pin3+0)
;Stepper.c,58 :: 		Stepper_pin4 = 0;
0x0224	0x1188      	BCF        Stepper_pin4, BitPos(Stepper_pin4+0)
;Stepper.c,59 :: 		break;
0x0225	0x2A50      	GOTO       L_Stepper_Step10
;Stepper.c,60 :: 		case 2:    //0101
L_Stepper_Step13:
;Stepper.c,61 :: 		Stepper_pin1 = 0;
0x0226	0x1008      	BCF        Stepper_pin1, BitPos(Stepper_pin1+0)
;Stepper.c,62 :: 		Stepper_pin2 = 1;
0x0227	0x1488      	BSF        Stepper_pin2, BitPos(Stepper_pin2+0)
;Stepper.c,63 :: 		Stepper_pin3 = 0;
0x0228	0x1108      	BCF        Stepper_pin3, BitPos(Stepper_pin3+0)
;Stepper.c,64 :: 		Stepper_pin4 = 1;
0x0229	0x1588      	BSF        Stepper_pin4, BitPos(Stepper_pin4+0)
;Stepper.c,65 :: 		break;
0x022A	0x2A50      	GOTO       L_Stepper_Step10
;Stepper.c,66 :: 		case 3:    //1001
L_Stepper_Step14:
;Stepper.c,67 :: 		Stepper_pin1 = 1;
0x022B	0x1408      	BSF        Stepper_pin1, BitPos(Stepper_pin1+0)
;Stepper.c,68 :: 		Stepper_pin2 = 0;
0x022C	0x1088      	BCF        Stepper_pin2, BitPos(Stepper_pin2+0)
;Stepper.c,69 :: 		Stepper_pin3 = 0;
0x022D	0x1108      	BCF        Stepper_pin3, BitPos(Stepper_pin3+0)
;Stepper.c,70 :: 		Stepper_pin4 = 1;
0x022E	0x1588      	BSF        Stepper_pin4, BitPos(Stepper_pin4+0)
;Stepper.c,71 :: 		break;}
0x022F	0x2A50      	GOTO       L_Stepper_Step10
L_Stepper_Step9:
0x0230	0x3000      	MOVLW      0
0x0231	0x0671      	XORWF      R0+1, 0
0x0232	0x1D03      	BTFSS      STATUS, 2
0x0233	0x2A36      	GOTO       L__Stepper_Step23
0x0234	0x3000      	MOVLW      0
0x0235	0x0670      	XORWF      R0, 0
L__Stepper_Step23:
0x0236	0x1903      	BTFSC      STATUS, 2
0x0237	0x2A1C      	GOTO       L_Stepper_Step11
0x0238	0x3000      	MOVLW      0
0x0239	0x0671      	XORWF      R0+1, 0
0x023A	0x1D03      	BTFSS      STATUS, 2
0x023B	0x2A3E      	GOTO       L__Stepper_Step24
0x023C	0x3001      	MOVLW      1
0x023D	0x0670      	XORWF      R0, 0
L__Stepper_Step24:
0x023E	0x1903      	BTFSC      STATUS, 2
0x023F	0x2A21      	GOTO       L_Stepper_Step12
0x0240	0x3000      	MOVLW      0
0x0241	0x0671      	XORWF      R0+1, 0
0x0242	0x1D03      	BTFSS      STATUS, 2
0x0243	0x2A46      	GOTO       L__Stepper_Step25
0x0244	0x3002      	MOVLW      2
0x0245	0x0670      	XORWF      R0, 0
L__Stepper_Step25:
0x0246	0x1903      	BTFSC      STATUS, 2
0x0247	0x2A26      	GOTO       L_Stepper_Step13
0x0248	0x3000      	MOVLW      0
0x0249	0x0671      	XORWF      R0+1, 0
0x024A	0x1D03      	BTFSS      STATUS, 2
0x024B	0x2A4E      	GOTO       L__Stepper_Step26
0x024C	0x3003      	MOVLW      3
0x024D	0x0670      	XORWF      R0, 0
L__Stepper_Step26:
0x024E	0x1903      	BTFSC      STATUS, 2
0x024F	0x2A2B      	GOTO       L_Stepper_Step14
L_Stepper_Step10:
;Stepper.c,72 :: 		}
0x0250	0x29DA      	GOTO       L_Stepper_Step3
L_Stepper_Step4:
;Stepper.c,73 :: 		}
L_end_Stepper_Step:
0x0251	0x0008      	RETURN
; end of _Stepper_Step
___CC2DW:
;__Lib_System.c,134 :: 		
;__Lib_System.c,137 :: 		
_CC2D_Loop1:
;__Lib_System.c,139 :: 		
0x0252	0x209F      	CALL       _____DoICP
0x0253	0x118A      	BCF        PCLATH, 3
0x0254	0x120A      	BCF        PCLATH, 4
;__Lib_System.c,141 :: 		
0x0255	0x0080      	MOVWF      INDF
;__Lib_System.c,142 :: 		
0x0256	0x0A84      	INCF       FSR, 1
;__Lib_System.c,143 :: 		
0x0257	0x0AA9      	INCF       ___DoICPAddr, 1
;__Lib_System.c,145 :: 		
0x0258	0x1903      	BTFSC      STATUS, 2
;__Lib_System.c,146 :: 		
0x0259	0x0AAA      	INCF       ___DoICPAddr+1, 1
;__Lib_System.c,147 :: 		
0x025A	0x03F0      	DECF       R0, 1
;__Lib_System.c,149 :: 		
0x025B	0x1D03      	BTFSS      STATUS, 2
;__Lib_System.c,150 :: 		
0x025C	0x2A52      	GOTO       _CC2D_Loop1
;__Lib_System.c,152 :: 		
L_end___CC2DW:
0x025D	0x0008      	RETURN
; end of ___CC2DW
_Stepper_Speed:
;Stepper.c,17 :: 		void Stepper_Speed (unsigned int whatSpeed){
;Stepper.c,18 :: 		if(whatspeed < 1)
0x025E	0x3000      	MOVLW      0
0x025F	0x1283      	BCF        STATUS, 5
0x0260	0x1303      	BCF        STATUS, 6
0x0261	0x0234      	SUBWF      FARG_Stepper_Speed_whatSpeed+1, 0
0x0262	0x1D03      	BTFSS      STATUS, 2
0x0263	0x2A66      	GOTO       L__Stepper_Speed16
0x0264	0x3001      	MOVLW      1
0x0265	0x0233      	SUBWF      FARG_Stepper_Speed_whatSpeed, 0
L__Stepper_Speed16:
0x0266	0x1803      	BTFSC      STATUS, 0
0x0267	0x2A6C      	GOTO       L_Stepper_Speed0
;Stepper.c,19 :: 		whatspeed = 1;
0x0268	0x3001      	MOVLW      1
0x0269	0x00B3      	MOVWF      FARG_Stepper_Speed_whatSpeed
0x026A	0x3000      	MOVLW      0
0x026B	0x00B4      	MOVWF      FARG_Stepper_Speed_whatSpeed+1
L_Stepper_Speed0:
;Stepper.c,20 :: 		step_delay = 60 * 1000 / number_of_steps / whatSpeed;
0x026C	0x082B      	MOVF       _number_of_steps, 0
0x026D	0x00F4      	MOVWF      R4
0x026E	0x082C      	MOVF       _number_of_steps+1, 0
0x026F	0x00F5      	MOVWF      R4+1
0x0270	0x3060      	MOVLW      96
0x0271	0x00F0      	MOVWF      R0
0x0272	0x30EA      	MOVLW      234
0x0273	0x00F1      	MOVWF      R0+1
0x0274	0x20A6      	CALL       _Div_16X16_U
0x0275	0x0833      	MOVF       FARG_Stepper_Speed_whatSpeed, 0
0x0276	0x00F4      	MOVWF      R4
0x0277	0x0834      	MOVF       FARG_Stepper_Speed_whatSpeed+1, 0
0x0278	0x00F5      	MOVWF      R4+1
0x0279	0x20A6      	CALL       _Div_16X16_U
0x027A	0x0870      	MOVF       R0, 0
0x027B	0x00AD      	MOVWF      _Step_delay
0x027C	0x0871      	MOVF       R0+1, 0
0x027D	0x00AE      	MOVWF      _Step_delay+1
0x027E	0x01AF      	CLRF       _Step_delay+2
0x027F	0x01B0      	CLRF       _Step_delay+3
;Stepper.c,21 :: 		}
L_end_Stepper_Speed:
0x0280	0x0008      	RETURN
; end of _Stepper_Speed
_Stepper_Init:
;Stepper.c,75 :: 		void Stepper_Init(unsigned int steps){
;Stepper.c,76 :: 		Stepper_pin1_Direction = 0;
0x0281	0x1683      	BSF        STATUS, 5
0x0282	0x1303      	BCF        STATUS, 6
0x0283	0x1008      	BCF        Stepper_pin1_Direction, BitPos(Stepper_pin1_Direction+0)
;Stepper.c,77 :: 		Stepper_pin2_Direction = 0;
0x0284	0x1088      	BCF        Stepper_pin2_Direction, BitPos(Stepper_pin2_Direction+0)
;Stepper.c,78 :: 		Stepper_pin3_Direction = 0;
0x0285	0x1108      	BCF        Stepper_pin3_Direction, BitPos(Stepper_pin3_Direction+0)
;Stepper.c,79 :: 		Stepper_pin4_Direction = 0;
0x0286	0x1188      	BCF        Stepper_pin4_Direction, BitPos(Stepper_pin4_Direction+0)
;Stepper.c,80 :: 		Stepper_pin1 = 0;
0x0287	0x1283      	BCF        STATUS, 5
0x0288	0x1008      	BCF        Stepper_pin1, BitPos(Stepper_pin1+0)
;Stepper.c,81 :: 		Stepper_pin2 = 0;
0x0289	0x1088      	BCF        Stepper_pin2, BitPos(Stepper_pin2+0)
;Stepper.c,82 :: 		Stepper_pin3 = 0;
0x028A	0x1108      	BCF        Stepper_pin3, BitPos(Stepper_pin3+0)
;Stepper.c,83 :: 		Stepper_pin4 = 0;
0x028B	0x1188      	BCF        Stepper_pin4, BitPos(Stepper_pin4+0)
;Stepper.c,84 :: 		number_of_steps = steps;
0x028C	0x0833      	MOVF       FARG_Stepper_Init_steps, 0
0x028D	0x00AB      	MOVWF      _number_of_steps
0x028E	0x0834      	MOVF       FARG_Stepper_Init_steps+1, 0
0x028F	0x00AC      	MOVWF      _number_of_steps+1
;Stepper.c,85 :: 		}
L_end_Stepper_Init:
0x0290	0x0008      	RETURN
; end of _Stepper_Init
_main:
;PIC_2.c,13 :: 		void main() {
;PIC_2.c,14 :: 		ADCON1 = 0x07;         // Configure AN pins as digital
0x0291	0x3007      	MOVLW      7
0x0292	0x1683      	BSF        STATUS, 5
0x0293	0x1303      	BCF        STATUS, 6
0x0294	0x009F      	MOVWF      ADCON1
;PIC_2.c,15 :: 		CMCON  = 0X07;         // Disable comparators
0x0295	0x3007      	MOVLW      7
0x0296	0x009C      	MOVWF      CMCON
;PIC_2.c,16 :: 		OPTION_REG.INTEDG = 1; // Set Rising Edge Trigger for INT
0x0297	0x1701      	BSF        OPTION_REG, 6
;PIC_2.c,17 :: 		INTCON.GIE = 1;        // Enable The Global Interrupt
0x0298	0x178B      	BSF        INTCON, 7
;PIC_2.c,18 :: 		INTCON.INTE = 1;       // Enable INT
0x0299	0x160B      	BSF        INTCON, 4
;PIC_2.c,20 :: 		TRISA.F0 = 1;          // Makes PORT A an input pin
0x029A	0x1405      	BSF        TRISA, 0
;PIC_2.c,21 :: 		TRISA.F1 = 1;          // Makes PORT A an input pin
0x029B	0x1485      	BSF        TRISA, 1
;PIC_2.c,22 :: 		TRISA.F2 = 1;          // Makes PORT A an input pin
0x029C	0x1505      	BSF        TRISA, 2
;PIC_2.c,23 :: 		TRISB.F0 = 1;          // Makes PORT B an input pin
0x029D	0x1406      	BSF        TRISB, 0
;PIC_2.c,24 :: 		TRISC.F0 = 0;          // Makes PORT C an output pin
0x029E	0x1007      	BCF        TRISC, 0
;PIC_2.c,25 :: 		TRISC.F1 = 0;          // Makes PORT C an output pin
0x029F	0x1087      	BCF        TRISC, 1
;PIC_2.c,26 :: 		TRISC.F2 = 0;          // Makes PORT C an output pin
0x02A0	0x1107      	BCF        TRISC, 2
;PIC_2.c,28 :: 		PORTB = 0;
0x02A1	0x1283      	BCF        STATUS, 5
0x02A2	0x0186      	CLRF       PORTB
;PIC_2.c,29 :: 		PORTD = 0;          // Initial value of PORT D is zero
0x02A3	0x0188      	CLRF       PORTD
;PIC_2.c,30 :: 		PORTC = 0;          // Initial value of PORT D is zero
0x02A4	0x0187      	CLRF       PORTC
;PIC_2.c,32 :: 		Stepper_Init(8);    // Initialize stepper motor(20 steps/revoltion)
0x02A5	0x3008      	MOVLW      8
0x02A6	0x00B3      	MOVWF      FARG_Stepper_Init_steps
0x02A7	0x3000      	MOVLW      0
0x02A8	0x00B4      	MOVWF      FARG_Stepper_Init_steps+1
0x02A9	0x2281      	CALL       _Stepper_Init
;PIC_2.c,33 :: 		stepper_speed(750); // Set stepper motor speed to 200 rpm
0x02AA	0x30EE      	MOVLW      238
0x02AB	0x00B3      	MOVWF      FARG_Stepper_Speed_whatSpeed
0x02AC	0x3002      	MOVLW      2
0x02AD	0x00B4      	MOVWF      FARG_Stepper_Speed_whatSpeed+1
0x02AE	0x225E      	CALL       _Stepper_Speed
;PIC_2.c,35 :: 		while (1)           // Endless loop
L_main0:
;PIC_2.c,38 :: 		PORTC.F0 = 0; //Turns OFF relay 1
0x02AF	0x1007      	BCF        PORTC, 0
;PIC_2.c,39 :: 		delay_ms(100);
0x02B0	0x3003      	MOVLW      3
0x02B1	0x00FB      	MOVWF      R11
0x02B2	0x308A      	MOVLW      138
0x02B3	0x00FC      	MOVWF      R12
0x02B4	0x3055      	MOVLW      85
0x02B5	0x00FD      	MOVWF      R13
L_main2:
0x02B6	0x0BFD      	DECFSZ     R13, 1
0x02B7	0x2AB6      	GOTO       L_main2
0x02B8	0x0BFC      	DECFSZ     R12, 1
0x02B9	0x2AB6      	GOTO       L_main2
0x02BA	0x0BFB      	DECFSZ     R11, 1
0x02BB	0x2AB6      	GOTO       L_main2
0x02BC	0x0000      	NOP
0x02BD	0x0000      	NOP
;PIC_2.c,40 :: 		PORTC.F1 = 0; //Turns OFF relay 2
0x02BE	0x1087      	BCF        PORTC, 1
;PIC_2.c,41 :: 		delay_ms(100);
0x02BF	0x3003      	MOVLW      3
0x02C0	0x00FB      	MOVWF      R11
0x02C1	0x308A      	MOVLW      138
0x02C2	0x00FC      	MOVWF      R12
0x02C3	0x3055      	MOVLW      85
0x02C4	0x00FD      	MOVWF      R13
L_main3:
0x02C5	0x0BFD      	DECFSZ     R13, 1
0x02C6	0x2AC5      	GOTO       L_main3
0x02C7	0x0BFC      	DECFSZ     R12, 1
0x02C8	0x2AC5      	GOTO       L_main3
0x02C9	0x0BFB      	DECFSZ     R11, 1
0x02CA	0x2AC5      	GOTO       L_main3
0x02CB	0x0000      	NOP
0x02CC	0x0000      	NOP
;PIC_2.c,42 :: 		PORTC.F2 = 0; //Turns OFF relay 3
0x02CD	0x1107      	BCF        PORTC, 2
;PIC_2.c,43 :: 		delay_ms(100);
0x02CE	0x3003      	MOVLW      3
0x02CF	0x00FB      	MOVWF      R11
0x02D0	0x308A      	MOVLW      138
0x02D1	0x00FC      	MOVWF      R12
0x02D2	0x3055      	MOVLW      85
0x02D3	0x00FD      	MOVWF      R13
L_main4:
0x02D4	0x0BFD      	DECFSZ     R13, 1
0x02D5	0x2AD4      	GOTO       L_main4
0x02D6	0x0BFC      	DECFSZ     R12, 1
0x02D7	0x2AD4      	GOTO       L_main4
0x02D8	0x0BFB      	DECFSZ     R11, 1
0x02D9	0x2AD4      	GOTO       L_main4
0x02DA	0x0000      	NOP
0x02DB	0x0000      	NOP
;PIC_2.c,45 :: 		while(PORTA.F0 == 0)
L_main5:
0x02DC	0x1805      	BTFSC      PORTA, 0
0x02DD	0x2B45      	GOTO       L_main6
;PIC_2.c,47 :: 		PORTC.F0 = 1; //Turns ON relay 1
0x02DE	0x1407      	BSF        PORTC, 0
;PIC_2.c,48 :: 		delay_ms(100);
0x02DF	0x3003      	MOVLW      3
0x02E0	0x00FB      	MOVWF      R11
0x02E1	0x308A      	MOVLW      138
0x02E2	0x00FC      	MOVWF      R12
0x02E3	0x3055      	MOVLW      85
0x02E4	0x00FD      	MOVWF      R13
L_main7:
0x02E5	0x0BFD      	DECFSZ     R13, 1
0x02E6	0x2AE5      	GOTO       L_main7
0x02E7	0x0BFC      	DECFSZ     R12, 1
0x02E8	0x2AE5      	GOTO       L_main7
0x02E9	0x0BFB      	DECFSZ     R11, 1
0x02EA	0x2AE5      	GOTO       L_main7
0x02EB	0x0000      	NOP
0x02EC	0x0000      	NOP
;PIC_2.c,50 :: 		if(PORTA.F1 == 0)
0x02ED	0x1885      	BTFSC      PORTA, 1
0x02EE	0x2AFF      	GOTO       L_main8
;PIC_2.c,52 :: 		PORTC.F1 = 1; //Turns ON relay 2
0x02EF	0x1487      	BSF        PORTC, 1
;PIC_2.c,53 :: 		delay_ms(100);
0x02F0	0x3003      	MOVLW      3
0x02F1	0x00FB      	MOVWF      R11
0x02F2	0x308A      	MOVLW      138
0x02F3	0x00FC      	MOVWF      R12
0x02F4	0x3055      	MOVLW      85
0x02F5	0x00FD      	MOVWF      R13
L_main9:
0x02F6	0x0BFD      	DECFSZ     R13, 1
0x02F7	0x2AF6      	GOTO       L_main9
0x02F8	0x0BFC      	DECFSZ     R12, 1
0x02F9	0x2AF6      	GOTO       L_main9
0x02FA	0x0BFB      	DECFSZ     R11, 1
0x02FB	0x2AF6      	GOTO       L_main9
0x02FC	0x0000      	NOP
0x02FD	0x0000      	NOP
;PIC_2.c,54 :: 		}
0x02FE	0x2B44      	GOTO       L_main10
L_main8:
;PIC_2.c,56 :: 		else if(PORTA.F1 == 1)
0x02FF	0x1C85      	BTFSS      PORTA, 1
0x0300	0x2B11      	GOTO       L_main11
;PIC_2.c,58 :: 		PORTC.F1 = 0; //Turns OFF relay 2
0x0301	0x1087      	BCF        PORTC, 1
;PIC_2.c,59 :: 		delay_ms(100);
0x0302	0x3003      	MOVLW      3
0x0303	0x00FB      	MOVWF      R11
0x0304	0x308A      	MOVLW      138
0x0305	0x00FC      	MOVWF      R12
0x0306	0x3055      	MOVLW      85
0x0307	0x00FD      	MOVWF      R13
L_main12:
0x0308	0x0BFD      	DECFSZ     R13, 1
0x0309	0x2B08      	GOTO       L_main12
0x030A	0x0BFC      	DECFSZ     R12, 1
0x030B	0x2B08      	GOTO       L_main12
0x030C	0x0BFB      	DECFSZ     R11, 1
0x030D	0x2B08      	GOTO       L_main12
0x030E	0x0000      	NOP
0x030F	0x0000      	NOP
;PIC_2.c,60 :: 		}
0x0310	0x2B44      	GOTO       L_main13
L_main11:
;PIC_2.c,62 :: 		else if(PORTA.F2 == 0)
0x0311	0x1905      	BTFSC      PORTA, 2
0x0312	0x2B23      	GOTO       L_main14
;PIC_2.c,64 :: 		PORTC.F2 = 1; //Turns ON relay 3
0x0313	0x1507      	BSF        PORTC, 2
;PIC_2.c,65 :: 		delay_ms(100);
0x0314	0x3003      	MOVLW      3
0x0315	0x00FB      	MOVWF      R11
0x0316	0x308A      	MOVLW      138
0x0317	0x00FC      	MOVWF      R12
0x0318	0x3055      	MOVLW      85
0x0319	0x00FD      	MOVWF      R13
L_main15:
0x031A	0x0BFD      	DECFSZ     R13, 1
0x031B	0x2B1A      	GOTO       L_main15
0x031C	0x0BFC      	DECFSZ     R12, 1
0x031D	0x2B1A      	GOTO       L_main15
0x031E	0x0BFB      	DECFSZ     R11, 1
0x031F	0x2B1A      	GOTO       L_main15
0x0320	0x0000      	NOP
0x0321	0x0000      	NOP
;PIC_2.c,66 :: 		}
0x0322	0x2B44      	GOTO       L_main16
L_main14:
;PIC_2.c,68 :: 		else if(PORTA.F2 == 1)
0x0323	0x1D05      	BTFSS      PORTA, 2
0x0324	0x2B35      	GOTO       L_main17
;PIC_2.c,70 :: 		PORTC.F2 = 0; //Turns OFF relay 3
0x0325	0x1107      	BCF        PORTC, 2
;PIC_2.c,71 :: 		delay_ms(100);
0x0326	0x3003      	MOVLW      3
0x0327	0x00FB      	MOVWF      R11
0x0328	0x308A      	MOVLW      138
0x0329	0x00FC      	MOVWF      R12
0x032A	0x3055      	MOVLW      85
0x032B	0x00FD      	MOVWF      R13
L_main18:
0x032C	0x0BFD      	DECFSZ     R13, 1
0x032D	0x2B2C      	GOTO       L_main18
0x032E	0x0BFC      	DECFSZ     R12, 1
0x032F	0x2B2C      	GOTO       L_main18
0x0330	0x0BFB      	DECFSZ     R11, 1
0x0331	0x2B2C      	GOTO       L_main18
0x0332	0x0000      	NOP
0x0333	0x0000      	NOP
;PIC_2.c,72 :: 		}
0x0334	0x2B44      	GOTO       L_main19
L_main17:
;PIC_2.c,75 :: 		PORTC.F0 = 0; //Turns ON relay 1
0x0335	0x1007      	BCF        PORTC, 0
;PIC_2.c,76 :: 		delay_ms(100);
0x0336	0x3003      	MOVLW      3
0x0337	0x00FB      	MOVWF      R11
0x0338	0x308A      	MOVLW      138
0x0339	0x00FC      	MOVWF      R12
0x033A	0x3055      	MOVLW      85
0x033B	0x00FD      	MOVWF      R13
L_main20:
0x033C	0x0BFD      	DECFSZ     R13, 1
0x033D	0x2B3C      	GOTO       L_main20
0x033E	0x0BFC      	DECFSZ     R12, 1
0x033F	0x2B3C      	GOTO       L_main20
0x0340	0x0BFB      	DECFSZ     R11, 1
0x0341	0x2B3C      	GOTO       L_main20
0x0342	0x0000      	NOP
0x0343	0x0000      	NOP
;PIC_2.c,77 :: 		}
L_main19:
L_main16:
L_main13:
L_main10:
;PIC_2.c,79 :: 		}
0x0344	0x2ADC      	GOTO       L_main5
L_main6:
;PIC_2.c,81 :: 		while(PORTA.F1 == 0)
L_main21:
0x0345	0x1885      	BTFSC      PORTA, 1
0x0346	0x2BAE      	GOTO       L_main22
;PIC_2.c,83 :: 		PORTC.F1 = 1; //Turns ON relay 2
0x0347	0x1487      	BSF        PORTC, 1
;PIC_2.c,84 :: 		delay_ms(100);
0x0348	0x3003      	MOVLW      3
0x0349	0x00FB      	MOVWF      R11
0x034A	0x308A      	MOVLW      138
0x034B	0x00FC      	MOVWF      R12
0x034C	0x3055      	MOVLW      85
0x034D	0x00FD      	MOVWF      R13
L_main23:
0x034E	0x0BFD      	DECFSZ     R13, 1
0x034F	0x2B4E      	GOTO       L_main23
0x0350	0x0BFC      	DECFSZ     R12, 1
0x0351	0x2B4E      	GOTO       L_main23
0x0352	0x0BFB      	DECFSZ     R11, 1
0x0353	0x2B4E      	GOTO       L_main23
0x0354	0x0000      	NOP
0x0355	0x0000      	NOP
;PIC_2.c,86 :: 		if(PORTA.F0 == 0)
0x0356	0x1805      	BTFSC      PORTA, 0
0x0357	0x2B68      	GOTO       L_main24
;PIC_2.c,88 :: 		PORTC.F0 = 1; //Turns ON relay 1
0x0358	0x1407      	BSF        PORTC, 0
;PIC_2.c,89 :: 		delay_ms(100);
0x0359	0x3003      	MOVLW      3
0x035A	0x00FB      	MOVWF      R11
0x035B	0x308A      	MOVLW      138
0x035C	0x00FC      	MOVWF      R12
0x035D	0x3055      	MOVLW      85
0x035E	0x00FD      	MOVWF      R13
L_main25:
0x035F	0x0BFD      	DECFSZ     R13, 1
0x0360	0x2B5F      	GOTO       L_main25
0x0361	0x0BFC      	DECFSZ     R12, 1
0x0362	0x2B5F      	GOTO       L_main25
0x0363	0x0BFB      	DECFSZ     R11, 1
0x0364	0x2B5F      	GOTO       L_main25
0x0365	0x0000      	NOP
0x0366	0x0000      	NOP
;PIC_2.c,90 :: 		}
0x0367	0x2BAD      	GOTO       L_main26
L_main24:
;PIC_2.c,92 :: 		else if(PORTA.F0 == 1)
0x0368	0x1C05      	BTFSS      PORTA, 0
0x0369	0x2B7A      	GOTO       L_main27
;PIC_2.c,94 :: 		PORTC.F0 = 0; //Turns OFF relay 1
0x036A	0x1007      	BCF        PORTC, 0
;PIC_2.c,95 :: 		delay_ms(100);
0x036B	0x3003      	MOVLW      3
0x036C	0x00FB      	MOVWF      R11
0x036D	0x308A      	MOVLW      138
0x036E	0x00FC      	MOVWF      R12
0x036F	0x3055      	MOVLW      85
0x0370	0x00FD      	MOVWF      R13
L_main28:
0x0371	0x0BFD      	DECFSZ     R13, 1
0x0372	0x2B71      	GOTO       L_main28
0x0373	0x0BFC      	DECFSZ     R12, 1
0x0374	0x2B71      	GOTO       L_main28
0x0375	0x0BFB      	DECFSZ     R11, 1
0x0376	0x2B71      	GOTO       L_main28
0x0377	0x0000      	NOP
0x0378	0x0000      	NOP
;PIC_2.c,96 :: 		}
0x0379	0x2BAD      	GOTO       L_main29
L_main27:
;PIC_2.c,98 :: 		else if(PORTA.F2 == 0)
0x037A	0x1905      	BTFSC      PORTA, 2
0x037B	0x2B8C      	GOTO       L_main30
;PIC_2.c,100 :: 		PORTC.F2 = 1; //Turns ON relay 3
0x037C	0x1507      	BSF        PORTC, 2
;PIC_2.c,101 :: 		delay_ms(100);
0x037D	0x3003      	MOVLW      3
0x037E	0x00FB      	MOVWF      R11
0x037F	0x308A      	MOVLW      138
0x0380	0x00FC      	MOVWF      R12
0x0381	0x3055      	MOVLW      85
0x0382	0x00FD      	MOVWF      R13
L_main31:
0x0383	0x0BFD      	DECFSZ     R13, 1
0x0384	0x2B83      	GOTO       L_main31
0x0385	0x0BFC      	DECFSZ     R12, 1
0x0386	0x2B83      	GOTO       L_main31
0x0387	0x0BFB      	DECFSZ     R11, 1
0x0388	0x2B83      	GOTO       L_main31
0x0389	0x0000      	NOP
0x038A	0x0000      	NOP
;PIC_2.c,102 :: 		}
0x038B	0x2BAD      	GOTO       L_main32
L_main30:
;PIC_2.c,104 :: 		else if(PORTA.F2 == 1)
0x038C	0x1D05      	BTFSS      PORTA, 2
0x038D	0x2B9E      	GOTO       L_main33
;PIC_2.c,106 :: 		PORTC.F2 = 0; //Turns OFF relay 3
0x038E	0x1107      	BCF        PORTC, 2
;PIC_2.c,107 :: 		delay_ms(100);
0x038F	0x3003      	MOVLW      3
0x0390	0x00FB      	MOVWF      R11
0x0391	0x308A      	MOVLW      138
0x0392	0x00FC      	MOVWF      R12
0x0393	0x3055      	MOVLW      85
0x0394	0x00FD      	MOVWF      R13
L_main34:
0x0395	0x0BFD      	DECFSZ     R13, 1
0x0396	0x2B95      	GOTO       L_main34
0x0397	0x0BFC      	DECFSZ     R12, 1
0x0398	0x2B95      	GOTO       L_main34
0x0399	0x0BFB      	DECFSZ     R11, 1
0x039A	0x2B95      	GOTO       L_main34
0x039B	0x0000      	NOP
0x039C	0x0000      	NOP
;PIC_2.c,108 :: 		}
0x039D	0x2BAD      	GOTO       L_main35
L_main33:
;PIC_2.c,111 :: 		PORTC.F1 = 0; //Turns OFF relay 2
0x039E	0x1087      	BCF        PORTC, 1
;PIC_2.c,112 :: 		delay_ms(100);
0x039F	0x3003      	MOVLW      3
0x03A0	0x00FB      	MOVWF      R11
0x03A1	0x308A      	MOVLW      138
0x03A2	0x00FC      	MOVWF      R12
0x03A3	0x3055      	MOVLW      85
0x03A4	0x00FD      	MOVWF      R13
L_main36:
0x03A5	0x0BFD      	DECFSZ     R13, 1
0x03A6	0x2BA5      	GOTO       L_main36
0x03A7	0x0BFC      	DECFSZ     R12, 1
0x03A8	0x2BA5      	GOTO       L_main36
0x03A9	0x0BFB      	DECFSZ     R11, 1
0x03AA	0x2BA5      	GOTO       L_main36
0x03AB	0x0000      	NOP
0x03AC	0x0000      	NOP
;PIC_2.c,113 :: 		}
L_main35:
L_main32:
L_main29:
L_main26:
;PIC_2.c,115 :: 		}
0x03AD	0x2B45      	GOTO       L_main21
L_main22:
;PIC_2.c,117 :: 		while(PORTA.F2 == 0 && PORTA.F1 == 0 && PORTA.F0 == 0)
L_main37:
0x03AE	0x1905      	BTFSC      PORTA, 2
0x03AF	0x2C1B      	GOTO       L_main38
0x03B0	0x1885      	BTFSC      PORTA, 1
0x03B1	0x2C1B      	GOTO       L_main38
0x03B2	0x1805      	BTFSC      PORTA, 0
0x03B3	0x2C1B      	GOTO       L_main38
L__main55:
;PIC_2.c,119 :: 		PORTC.F2 = 1; //Turns ON relay 3
0x03B4	0x1507      	BSF        PORTC, 2
;PIC_2.c,120 :: 		delay_ms(100);
0x03B5	0x3003      	MOVLW      3
0x03B6	0x00FB      	MOVWF      R11
0x03B7	0x308A      	MOVLW      138
0x03B8	0x00FC      	MOVWF      R12
0x03B9	0x3055      	MOVLW      85
0x03BA	0x00FD      	MOVWF      R13
L_main41:
0x03BB	0x0BFD      	DECFSZ     R13, 1
0x03BC	0x2BBB      	GOTO       L_main41
0x03BD	0x0BFC      	DECFSZ     R12, 1
0x03BE	0x2BBB      	GOTO       L_main41
0x03BF	0x0BFB      	DECFSZ     R11, 1
0x03C0	0x2BBB      	GOTO       L_main41
0x03C1	0x0000      	NOP
0x03C2	0x0000      	NOP
;PIC_2.c,122 :: 		if(PORTA.F0 == 0)
0x03C3	0x1805      	BTFSC      PORTA, 0
0x03C4	0x2BD5      	GOTO       L_main42
;PIC_2.c,124 :: 		PORTC.F0 = 1; //Turns ON relay 1
0x03C5	0x1407      	BSF        PORTC, 0
;PIC_2.c,125 :: 		delay_ms(100);
0x03C6	0x3003      	MOVLW      3
0x03C7	0x00FB      	MOVWF      R11
0x03C8	0x308A      	MOVLW      138
0x03C9	0x00FC      	MOVWF      R12
0x03CA	0x3055      	MOVLW      85
0x03CB	0x00FD      	MOVWF      R13
L_main43:
0x03CC	0x0BFD      	DECFSZ     R13, 1
0x03CD	0x2BCC      	GOTO       L_main43
0x03CE	0x0BFC      	DECFSZ     R12, 1
0x03CF	0x2BCC      	GOTO       L_main43
0x03D0	0x0BFB      	DECFSZ     R11, 1
0x03D1	0x2BCC      	GOTO       L_main43
0x03D2	0x0000      	NOP
0x03D3	0x0000      	NOP
;PIC_2.c,126 :: 		}
0x03D4	0x2C1A      	GOTO       L_main44
L_main42:
;PIC_2.c,128 :: 		else if(PORTA.F0 == 1)
0x03D5	0x1C05      	BTFSS      PORTA, 0
0x03D6	0x2BE7      	GOTO       L_main45
;PIC_2.c,130 :: 		PORTC.F0 = 0; //Turns OFF relay 1
0x03D7	0x1007      	BCF        PORTC, 0
;PIC_2.c,131 :: 		delay_ms(100);
0x03D8	0x3003      	MOVLW      3
0x03D9	0x00FB      	MOVWF      R11
0x03DA	0x308A      	MOVLW      138
0x03DB	0x00FC      	MOVWF      R12
0x03DC	0x3055      	MOVLW      85
0x03DD	0x00FD      	MOVWF      R13
L_main46:
0x03DE	0x0BFD      	DECFSZ     R13, 1
0x03DF	0x2BDE      	GOTO       L_main46
0x03E0	0x0BFC      	DECFSZ     R12, 1
0x03E1	0x2BDE      	GOTO       L_main46
0x03E2	0x0BFB      	DECFSZ     R11, 1
0x03E3	0x2BDE      	GOTO       L_main46
0x03E4	0x0000      	NOP
0x03E5	0x0000      	NOP
;PIC_2.c,132 :: 		}
0x03E6	0x2C1A      	GOTO       L_main47
L_main45:
;PIC_2.c,134 :: 		else if(PORTA.F1 == 0)
0x03E7	0x1885      	BTFSC      PORTA, 1
0x03E8	0x2BF9      	GOTO       L_main48
;PIC_2.c,136 :: 		PORTC.F1 = 1; //Turns ON relay 2
0x03E9	0x1487      	BSF        PORTC, 1
;PIC_2.c,137 :: 		delay_ms(100);
0x03EA	0x3003      	MOVLW      3
0x03EB	0x00FB      	MOVWF      R11
0x03EC	0x308A      	MOVLW      138
0x03ED	0x00FC      	MOVWF      R12
0x03EE	0x3055      	MOVLW      85
0x03EF	0x00FD      	MOVWF      R13
L_main49:
0x03F0	0x0BFD      	DECFSZ     R13, 1
0x03F1	0x2BF0      	GOTO       L_main49
0x03F2	0x0BFC      	DECFSZ     R12, 1
0x03F3	0x2BF0      	GOTO       L_main49
0x03F4	0x0BFB      	DECFSZ     R11, 1
0x03F5	0x2BF0      	GOTO       L_main49
0x03F6	0x0000      	NOP
0x03F7	0x0000      	NOP
;PIC_2.c,138 :: 		}
0x03F8	0x2C1A      	GOTO       L_main50
L_main48:
;PIC_2.c,140 :: 		else if(PORTA.F1 == 1)
0x03F9	0x1C85      	BTFSS      PORTA, 1
0x03FA	0x2C0B      	GOTO       L_main51
;PIC_2.c,142 :: 		PORTC.F1 = 0; //Turns OFF relay 2
0x03FB	0x1087      	BCF        PORTC, 1
;PIC_2.c,143 :: 		delay_ms(100);
0x03FC	0x3003      	MOVLW      3
0x03FD	0x00FB      	MOVWF      R11
0x03FE	0x308A      	MOVLW      138
0x03FF	0x00FC      	MOVWF      R12
0x0400	0x3055      	MOVLW      85
0x0401	0x00FD      	MOVWF      R13
L_main52:
0x0402	0x0BFD      	DECFSZ     R13, 1
0x0403	0x2C02      	GOTO       L_main52
0x0404	0x0BFC      	DECFSZ     R12, 1
0x0405	0x2C02      	GOTO       L_main52
0x0406	0x0BFB      	DECFSZ     R11, 1
0x0407	0x2C02      	GOTO       L_main52
0x0408	0x0000      	NOP
0x0409	0x0000      	NOP
;PIC_2.c,144 :: 		}
0x040A	0x2C1A      	GOTO       L_main53
L_main51:
;PIC_2.c,147 :: 		PORTC.F2 = 0; //Turns OFF relay 3
0x040B	0x1107      	BCF        PORTC, 2
;PIC_2.c,148 :: 		delay_ms(100);
0x040C	0x3003      	MOVLW      3
0x040D	0x00FB      	MOVWF      R11
0x040E	0x308A      	MOVLW      138
0x040F	0x00FC      	MOVWF      R12
0x0410	0x3055      	MOVLW      85
0x0411	0x00FD      	MOVWF      R13
L_main54:
0x0412	0x0BFD      	DECFSZ     R13, 1
0x0413	0x2C12      	GOTO       L_main54
0x0414	0x0BFC      	DECFSZ     R12, 1
0x0415	0x2C12      	GOTO       L_main54
0x0416	0x0BFB      	DECFSZ     R11, 1
0x0417	0x2C12      	GOTO       L_main54
0x0418	0x0000      	NOP
0x0419	0x0000      	NOP
;PIC_2.c,149 :: 		}
L_main53:
L_main50:
L_main47:
L_main44:
;PIC_2.c,150 :: 		}
0x041A	0x2BAE      	GOTO       L_main37
L_main38:
;PIC_2.c,152 :: 		}
0x041B	0x2AAF      	GOTO       L_main0
;PIC_2.c,153 :: 		}
L_end_main:
0x041C	0x2C1C      	GOTO       $+0
; end of _main
Symbol List:
//** Routines locations **
//ADDRESS    SIZE    PROCEDURE
//----------------------------------------------
0x0004      [56]    _interrupt
0x003C      [44]    _Div_16x16_S_L
0x0068      [55]    _Mul_32x32_U
0x009F       [7]    _____DoICP
0x00A6      [29]    _Div_16X16_U
0x00C3     [105]    _Div_16x16_S
0x012C      [27]    _abs
0x0147     [112]    _VDelay_ms
0x01B7     [155]    _Stepper_Step
0x0252      [12]    ___CC2DW
0x025E      [35]    _Stepper_Speed
0x0281      [16]    _Stepper_Init
0x0291     [396]    _main
//** Variables locations ** 
//ADDRESS    SIZE    VARIABLE
//----------------------------------------------
0x0000       [1]    INDF
0x0002       [1]    PCL
0x0003       [1]    STATUS
0x0004       [1]    FSR
0x0005       [1]    PORTA
0x0006       [1]    PORTB
0x0007       [1]    PORTC
0x0008       [0]    Stepper_pin3
0x0008       [1]    PORTD
0x0008       [0]    RD2_bit
0x0008       [0]    RD1_bit
0x0008       [0]    RD0_bit
0x0008       [0]    Stepper_pin4
0x0008       [0]    Stepper_pin1
0x0008       [0]    RD3_bit
0x0008       [0]    Stepper_pin2
0x000A       [1]    PCLATH
0x000B       [1]    INTCON
0x0029       [2]    ___DoICPAddr
0x002B       [2]    _number_of_steps
0x002D       [4]    _Step_delay
0x0031       [1]    ___savePCLATH
0x0032       [1]    ___saveSTATUS
0x0033       [2]    FARG_Stepper_Init_steps
0x0033       [2]    FARG_Stepper_Speed_whatSpeed
0x0035       [2]    FARG_Stepper_Step_steps_to_move
0x0037       [2]    Stepper_Step_step_number_L0
0x0039       [2]    Stepper_Step_steps_left_L0
0x003B       [0]    Stepper_Step_direction_L0
0x003C       [2]    FARG_VDelay_ms_Time_ms
0x003C       [2]    FARG_abs_a
0x003E       [4]    VDelay_ms_NumberOfCyc_L0
0x0070       [1]    R0
0x0071       [1]    R1
0x0072       [1]    R2
0x0073       [1]    R3
0x0074       [1]    R4
0x0075       [1]    R5
0x0076       [1]    R6
0x0077       [1]    R7
0x0078       [1]    R8
0x0079       [1]    R9
0x007A       [1]    R10
0x007B       [1]    R11
0x007C       [1]    R12
0x007D       [1]    R13
0x007E       [1]    R14
0x007F       [1]    R15
0x0081       [1]    OPTION_REG
0x0085       [1]    TRISA
0x0086       [1]    TRISB
0x0087       [1]    TRISC
0x0088       [0]    Stepper_pin1_Direction
0x0088       [0]    Stepper_pin2_Direction
0x0088       [0]    Stepper_pin4_Direction
0x0088       [0]    Stepper_pin3_Direction
0x0088       [0]    TRISD2_bit
0x0088       [0]    TRISD3_bit
0x0088       [0]    TRISD0_bit
0x0088       [0]    TRISD1_bit
0x009C       [1]    CMCON
0x009F       [1]    ADCON1
