;  LST file generated by mikroListExporter - v.2.0 
; Date/Time: 3/9/2017 8:53:00 AM
;----------------------------------------------

;Address Opcode 	ASM
0x0000	0x2B88      	GOTO       904
_Delay_50us:
;__Lib_Delays.c,19 :: 		void Delay_50us() {
;__Lib_Delays.c,20 :: 		Delay_us(50);
0x0003	0x3053      	MOVLW      83
0x0004	0x1283      	BCF        STATUS, 5
0x0005	0x1303      	BCF        STATUS, 6
0x0006	0x00FD      	MOVWF      R13
L_Delay_50us2:
0x0007	0x0BFD      	DECFSZ     R13, 1
0x0008	0x2807      	GOTO       L_Delay_50us2
;__Lib_Delays.c,21 :: 		}
L_end_Delay_50us:
0x0009	0x0008      	RETURN
; end of _Delay_50us
_Delay_5500us:
;__Lib_Delays.c,31 :: 		void Delay_5500us() {
;__Lib_Delays.c,32 :: 		Delay_us(5500);
0x000A	0x3024      	MOVLW      36
0x000B	0x1283      	BCF        STATUS, 5
0x000C	0x1303      	BCF        STATUS, 6
0x000D	0x00FC      	MOVWF      R12
0x000E	0x30B5      	MOVLW      181
0x000F	0x00FD      	MOVWF      R13
L_Delay_5500us5:
0x0010	0x0BFD      	DECFSZ     R13, 1
0x0011	0x2810      	GOTO       L_Delay_5500us5
0x0012	0x0BFC      	DECFSZ     R12, 1
0x0013	0x2810      	GOTO       L_Delay_5500us5
0x0014	0x0000      	NOP
0x0015	0x0000      	NOP
;__Lib_Delays.c,33 :: 		}
L_end_Delay_5500us:
0x0016	0x0008      	RETURN
; end of _Delay_5500us
_Delay_1us:
;__Lib_Delays.c,7 :: 		void Delay_1us() {
;__Lib_Delays.c,8 :: 		Delay_us(1);
0x0017	0x0000      	NOP
0x0018	0x0000      	NOP
0x0019	0x0000      	NOP
0x001A	0x0000      	NOP
0x001B	0x0000      	NOP
;__Lib_Delays.c,9 :: 		}
L_end_Delay_1us:
0x001C	0x0008      	RETURN
; end of _Delay_1us
_Lcd_Cmd:
;__Lib_Lcd.c,18 :: 		
;__Lib_Lcd.c,20 :: 		
0x001D	0x1283      	BCF        STATUS, 5
0x001E	0x1303      	BCF        STATUS, 6
0x001F	0x1BCC      	BTFSC      FARG_Lcd_Cmd_out_char, 7
0x0020	0x2823      	GOTO       L__Lcd_Cmd21
0x0021	0x1006      	BCF        LCD_D7, BitPos(LCD_D7+0)
0x0022	0x2824      	GOTO       L__Lcd_Cmd22
L__Lcd_Cmd21:
0x0023	0x1406      	BSF        LCD_D7, BitPos(LCD_D7+0)
L__Lcd_Cmd22:
;__Lib_Lcd.c,21 :: 		
0x0024	0x1B4C      	BTFSC      FARG_Lcd_Cmd_out_char, 6
0x0025	0x2828      	GOTO       L__Lcd_Cmd23
0x0026	0x1086      	BCF        LCD_D6, BitPos(LCD_D6+0)
0x0027	0x2829      	GOTO       L__Lcd_Cmd24
L__Lcd_Cmd23:
0x0028	0x1486      	BSF        LCD_D6, BitPos(LCD_D6+0)
L__Lcd_Cmd24:
;__Lib_Lcd.c,22 :: 		
0x0029	0x1ACC      	BTFSC      FARG_Lcd_Cmd_out_char, 5
0x002A	0x282D      	GOTO       L__Lcd_Cmd25
0x002B	0x1106      	BCF        LCD_D5, BitPos(LCD_D5+0)
0x002C	0x282E      	GOTO       L__Lcd_Cmd26
L__Lcd_Cmd25:
0x002D	0x1506      	BSF        LCD_D5, BitPos(LCD_D5+0)
L__Lcd_Cmd26:
;__Lib_Lcd.c,23 :: 		
0x002E	0x1A4C      	BTFSC      FARG_Lcd_Cmd_out_char, 4
0x002F	0x2832      	GOTO       L__Lcd_Cmd27
0x0030	0x1186      	BCF        LCD_D4, BitPos(LCD_D4+0)
0x0031	0x2833      	GOTO       L__Lcd_Cmd28
L__Lcd_Cmd27:
0x0032	0x1586      	BSF        LCD_D4, BitPos(LCD_D4+0)
L__Lcd_Cmd28:
;__Lib_Lcd.c,25 :: 		
0x0033	0x183B      	BTFSC      __Lib_Lcd_cmd_status, BitPos(__Lib_Lcd_cmd_status+0)
0x0034	0x2837      	GOTO       L__Lcd_Cmd29
0x0035	0x1606      	BSF        LCD_RS, BitPos(LCD_RS+0)
0x0036	0x2838      	GOTO       L__Lcd_Cmd30
L__Lcd_Cmd29:
0x0037	0x1206      	BCF        LCD_RS, BitPos(LCD_RS+0)
L__Lcd_Cmd30:
;__Lib_Lcd.c,28 :: 		
0x0038	0x1686      	BSF        LCD_EN, BitPos(LCD_EN+0)
;__Lib_Lcd.c,29 :: 		
0x0039	0x2017      	CALL       _Delay_1us
;__Lib_Lcd.c,30 :: 		
0x003A	0x1286      	BCF        LCD_EN, BitPos(LCD_EN+0)
;__Lib_Lcd.c,33 :: 		
0x003B	0x19CC      	BTFSC      FARG_Lcd_Cmd_out_char, 3
0x003C	0x283F      	GOTO       L__Lcd_Cmd31
0x003D	0x1006      	BCF        LCD_D7, BitPos(LCD_D7+0)
0x003E	0x2840      	GOTO       L__Lcd_Cmd32
L__Lcd_Cmd31:
0x003F	0x1406      	BSF        LCD_D7, BitPos(LCD_D7+0)
L__Lcd_Cmd32:
;__Lib_Lcd.c,34 :: 		
0x0040	0x194C      	BTFSC      FARG_Lcd_Cmd_out_char, 2
0x0041	0x2844      	GOTO       L__Lcd_Cmd33
0x0042	0x1086      	BCF        LCD_D6, BitPos(LCD_D6+0)
0x0043	0x2845      	GOTO       L__Lcd_Cmd34
L__Lcd_Cmd33:
0x0044	0x1486      	BSF        LCD_D6, BitPos(LCD_D6+0)
L__Lcd_Cmd34:
;__Lib_Lcd.c,35 :: 		
0x0045	0x18CC      	BTFSC      FARG_Lcd_Cmd_out_char, 1
0x0046	0x2849      	GOTO       L__Lcd_Cmd35
0x0047	0x1106      	BCF        LCD_D5, BitPos(LCD_D5+0)
0x0048	0x284A      	GOTO       L__Lcd_Cmd36
L__Lcd_Cmd35:
0x0049	0x1506      	BSF        LCD_D5, BitPos(LCD_D5+0)
L__Lcd_Cmd36:
;__Lib_Lcd.c,36 :: 		
0x004A	0x184C      	BTFSC      FARG_Lcd_Cmd_out_char, 0
0x004B	0x284E      	GOTO       L__Lcd_Cmd37
0x004C	0x1186      	BCF        LCD_D4, BitPos(LCD_D4+0)
0x004D	0x284F      	GOTO       L__Lcd_Cmd38
L__Lcd_Cmd37:
0x004E	0x1586      	BSF        LCD_D4, BitPos(LCD_D4+0)
L__Lcd_Cmd38:
;__Lib_Lcd.c,38 :: 		
0x004F	0x183B      	BTFSC      __Lib_Lcd_cmd_status, BitPos(__Lib_Lcd_cmd_status+0)
0x0050	0x2853      	GOTO       L__Lcd_Cmd39
0x0051	0x1606      	BSF        LCD_RS, BitPos(LCD_RS+0)
0x0052	0x2854      	GOTO       L__Lcd_Cmd40
L__Lcd_Cmd39:
0x0053	0x1206      	BCF        LCD_RS, BitPos(LCD_RS+0)
L__Lcd_Cmd40:
;__Lib_Lcd.c,40 :: 		
0x0054	0x1686      	BSF        LCD_EN, BitPos(LCD_EN+0)
;__Lib_Lcd.c,41 :: 		
0x0055	0x2017      	CALL       _Delay_1us
;__Lib_Lcd.c,42 :: 		
0x0056	0x1286      	BCF        LCD_EN, BitPos(LCD_EN+0)
;__Lib_Lcd.c,44 :: 		
0x0057	0x1C3B      	BTFSS      __Lib_Lcd_cmd_status, BitPos(__Lib_Lcd_cmd_status+0)
0x0058	0x285B      	GOTO       L_Lcd_Cmd0
;__Lib_Lcd.c,45 :: 		
0x0059	0x200A      	CALL       _Delay_5500us
0x005A	0x285C      	GOTO       L_Lcd_Cmd1
L_Lcd_Cmd0:
;__Lib_Lcd.c,47 :: 		
0x005B	0x2003      	CALL       _Delay_50us
L_Lcd_Cmd1:
;__Lib_Lcd.c,48 :: 		
L_end_Lcd_Cmd:
0x005C	0x0008      	RETURN
; end of _Lcd_Cmd
_Lcd_Chr_CP:
;__Lib_Lcd.c,50 :: 		
;__Lib_Lcd.c,52 :: 		
0x005D	0x1283      	BCF        STATUS, 5
0x005E	0x1303      	BCF        STATUS, 6
0x005F	0x103B      	BCF        __Lib_Lcd_cmd_status, BitPos(__Lib_Lcd_cmd_status+0)
;__Lib_Lcd.c,53 :: 		
0x0060	0x084B      	MOVF       FARG_Lcd_Chr_CP_out_char, 0
0x0061	0x00CC      	MOVWF      FARG_Lcd_Cmd_out_char
0x0062	0x201D      	CALL       _Lcd_Cmd
;__Lib_Lcd.c,54 :: 		
0x0063	0x143B      	BSF        __Lib_Lcd_cmd_status, BitPos(__Lib_Lcd_cmd_status+0)
;__Lib_Lcd.c,55 :: 		
L_end_Lcd_Chr_CP:
0x0064	0x0008      	RETURN
; end of _Lcd_Chr_CP
_Div_16X16_U:
;__Lib_Math.c,215 :: 		
;__Lib_Math.c,222 :: 		
0x0065	0x1283      	BCF        STATUS, 5
;__Lib_Math.c,223 :: 		
0x0066	0x1303      	BCF        STATUS, 6
;__Lib_Math.c,224 :: 		
0x0067	0x01F8      	CLRF       R8
;__Lib_Math.c,225 :: 		
0x0068	0x01F9      	CLRF       R9
;__Lib_Math.c,226 :: 		
0x0069	0x3010      	MOVLW      16
;__Lib_Math.c,227 :: 		
0x006A	0x00FC      	MOVWF      R12
;__Lib_Math.c,228 :: 		
0x006B	0x0D71      	RLF        R1, 0
;__Lib_Math.c,229 :: 		
0x006C	0x0DF8      	RLF        R8, 1
;__Lib_Math.c,230 :: 		
0x006D	0x0DF9      	RLF        R9, 1
;__Lib_Math.c,231 :: 		
0x006E	0x0874      	MOVF       R4, 0
;__Lib_Math.c,232 :: 		
0x006F	0x02F8      	SUBWF      R8, 1
;__Lib_Math.c,233 :: 		
0x0070	0x0875      	MOVF       R5, 0
;__Lib_Math.c,234 :: 		
0x0071	0x1C03      	BTFSS      STATUS, 0
;__Lib_Math.c,235 :: 		
0x0072	0x0F75      	INCFSZ     R5, 0
;__Lib_Math.c,236 :: 		
0x0073	0x02F9      	SUBWF      R9, 1
;__Lib_Math.c,237 :: 		
0x0074	0x1803      	BTFSC      STATUS, 0
;__Lib_Math.c,238 :: 		
0x0075	0x287D      	GOTO       $+8
;__Lib_Math.c,239 :: 		
0x0076	0x0874      	MOVF       R4, 0
;__Lib_Math.c,240 :: 		
0x0077	0x07F8      	ADDWF      R8, 1
;__Lib_Math.c,241 :: 		
0x0078	0x0875      	MOVF       R5, 0
;__Lib_Math.c,242 :: 		
0x0079	0x1803      	BTFSC      STATUS, 0
;__Lib_Math.c,243 :: 		
0x007A	0x0F75      	INCFSZ     R5, 0
;__Lib_Math.c,244 :: 		
0x007B	0x07F9      	ADDWF      R9, 1
;__Lib_Math.c,245 :: 		
0x007C	0x1003      	BCF        STATUS, 0
;__Lib_Math.c,246 :: 		
0x007D	0x0DF0      	RLF        R0, 1
;__Lib_Math.c,247 :: 		
0x007E	0x0DF1      	RLF        R1, 1
;__Lib_Math.c,248 :: 		
0x007F	0x0BFC      	DECFSZ     R12, 1
;__Lib_Math.c,249 :: 		
0x0080	0x286B      	GOTO       $-21
;__Lib_Math.c,251 :: 		
L_end_Div_16X16_U:
0x0081	0x0008      	RETURN
; end of _Div_16X16_U
_Lcd_Out:
;__Lib_Lcd.c,184 :: 		
;__Lib_Lcd.c,187 :: 		
0x0082	0x2894      	GOTO       L_Lcd_Out11
;__Lib_Lcd.c,188 :: 		
L_Lcd_Out13:
0x0083	0x3080      	MOVLW      128
0x0084	0x1283      	BCF        STATUS, 5
0x0085	0x1303      	BCF        STATUS, 6
0x0086	0x00C7      	MOVWF      FARG_Lcd_Out_row
0x0087	0x28A7      	GOTO       L_Lcd_Out12
;__Lib_Lcd.c,189 :: 		
L_Lcd_Out14:
0x0088	0x30C0      	MOVLW      192
0x0089	0x00C7      	MOVWF      FARG_Lcd_Out_row
0x008A	0x28A7      	GOTO       L_Lcd_Out12
;__Lib_Lcd.c,190 :: 		
L_Lcd_Out15:
0x008B	0x3094      	MOVLW      148
0x008C	0x00C7      	MOVWF      FARG_Lcd_Out_row
0x008D	0x28A7      	GOTO       L_Lcd_Out12
;__Lib_Lcd.c,191 :: 		
L_Lcd_Out16:
0x008E	0x30D4      	MOVLW      212
0x008F	0x00C7      	MOVWF      FARG_Lcd_Out_row
0x0090	0x28A7      	GOTO       L_Lcd_Out12
;__Lib_Lcd.c,192 :: 		
L_Lcd_Out17:
0x0091	0x3080      	MOVLW      128
0x0092	0x00C7      	MOVWF      FARG_Lcd_Out_row
;__Lib_Lcd.c,193 :: 		
0x0093	0x28A7      	GOTO       L_Lcd_Out12
L_Lcd_Out11:
0x0094	0x1283      	BCF        STATUS, 5
0x0095	0x1303      	BCF        STATUS, 6
0x0096	0x0847      	MOVF       FARG_Lcd_Out_row, 0
0x0097	0x3A01      	XORLW      1
0x0098	0x1903      	BTFSC      STATUS, 2
0x0099	0x2883      	GOTO       L_Lcd_Out13
0x009A	0x0847      	MOVF       FARG_Lcd_Out_row, 0
0x009B	0x3A02      	XORLW      2
0x009C	0x1903      	BTFSC      STATUS, 2
0x009D	0x2888      	GOTO       L_Lcd_Out14
0x009E	0x0847      	MOVF       FARG_Lcd_Out_row, 0
0x009F	0x3A03      	XORLW      3
0x00A0	0x1903      	BTFSC      STATUS, 2
0x00A1	0x288B      	GOTO       L_Lcd_Out15
0x00A2	0x0847      	MOVF       FARG_Lcd_Out_row, 0
0x00A3	0x3A04      	XORLW      4
0x00A4	0x1903      	BTFSC      STATUS, 2
0x00A5	0x288E      	GOTO       L_Lcd_Out16
0x00A6	0x2891      	GOTO       L_Lcd_Out17
L_Lcd_Out12:
;__Lib_Lcd.c,194 :: 		
0x00A7	0x0348      	DECF       FARG_Lcd_Out_column, 0
0x00A8	0x00F0      	MOVWF      R0
0x00A9	0x0847      	MOVF       FARG_Lcd_Out_row, 0
0x00AA	0x07F0      	ADDWF      R0, 1
0x00AB	0x0870      	MOVF       R0, 0
0x00AC	0x00C7      	MOVWF      FARG_Lcd_Out_row
;__Lib_Lcd.c,196 :: 		
0x00AD	0x0870      	MOVF       R0, 0
0x00AE	0x00CC      	MOVWF      FARG_Lcd_Cmd_out_char
0x00AF	0x201D      	CALL       _Lcd_Cmd
;__Lib_Lcd.c,197 :: 		
0x00B0	0x103B      	BCF        __Lib_Lcd_cmd_status, BitPos(__Lib_Lcd_cmd_status+0)
;__Lib_Lcd.c,198 :: 		
0x00B1	0x01CA      	CLRF       Lcd_Out_i_L0
;__Lib_Lcd.c,199 :: 		
L_Lcd_Out18:
0x00B2	0x084A      	MOVF       Lcd_Out_i_L0, 0
0x00B3	0x0749      	ADDWF      FARG_Lcd_Out_text, 0
0x00B4	0x0084      	MOVWF      FSR
0x00B5	0x0800      	MOVF       INDF, 0
0x00B6	0x1903      	BTFSC      STATUS, 2
0x00B7	0x28C0      	GOTO       L_Lcd_Out19
;__Lib_Lcd.c,200 :: 		
0x00B8	0x084A      	MOVF       Lcd_Out_i_L0, 0
0x00B9	0x0749      	ADDWF      FARG_Lcd_Out_text, 0
0x00BA	0x0084      	MOVWF      FSR
0x00BB	0x0800      	MOVF       INDF, 0
0x00BC	0x00CB      	MOVWF      FARG_Lcd_Chr_CP_out_char
0x00BD	0x205D      	CALL       _Lcd_Chr_CP
0x00BE	0x0ACA      	INCF       Lcd_Out_i_L0, 1
0x00BF	0x28B2      	GOTO       L_Lcd_Out18
L_Lcd_Out19:
;__Lib_Lcd.c,201 :: 		
0x00C0	0x143B      	BSF        __Lib_Lcd_cmd_status, BitPos(__Lib_Lcd_cmd_status+0)
;__Lib_Lcd.c,202 :: 		
L_end_Lcd_Out:
0x00C1	0x0008      	RETURN
; end of _Lcd_Out
_Delay_80us:
;__Lib_Delays.c,23 :: 		void Delay_80us() {
;__Lib_Delays.c,24 :: 		Delay_us(78);
0x00C2	0x3081      	MOVLW      129
0x00C3	0x1283      	BCF        STATUS, 5
0x00C4	0x1303      	BCF        STATUS, 6
0x00C5	0x00FD      	MOVWF      R13
L_Delay_80us3:
0x00C6	0x0BFD      	DECFSZ     R13, 1
0x00C7	0x28C6      	GOTO       L_Delay_80us3
0x00C8	0x0000      	NOP
0x00C9	0x0000      	NOP
;__Lib_Delays.c,25 :: 		}
L_end_Delay_80us:
0x00CA	0x0008      	RETURN
; end of _Delay_80us
_Div_8X8_U:
;__Lib_Math.c,189 :: 		
;__Lib_Math.c,196 :: 		
0x00CB	0x1283      	BCF        STATUS, 5
;__Lib_Math.c,197 :: 		
0x00CC	0x1303      	BCF        STATUS, 6
;__Lib_Math.c,198 :: 		
0x00CD	0x01F8      	CLRF       R8
;__Lib_Math.c,199 :: 		
0x00CE	0x3008      	MOVLW      8
;__Lib_Math.c,200 :: 		
0x00CF	0x00FC      	MOVWF      R12
;__Lib_Math.c,201 :: 		
0x00D0	0x0D70      	RLF        R0, 0
;__Lib_Math.c,202 :: 		
0x00D1	0x0DF8      	RLF        R8, 1
;__Lib_Math.c,203 :: 		
0x00D2	0x0874      	MOVF       R4, 0
;__Lib_Math.c,204 :: 		
0x00D3	0x02F8      	SUBWF      R8, 1
;__Lib_Math.c,205 :: 		
0x00D4	0x1803      	BTFSC      STATUS, 0
;__Lib_Math.c,206 :: 		
0x00D5	0x28D8      	GOTO       $+3
;__Lib_Math.c,207 :: 		
0x00D6	0x07F8      	ADDWF      R8, 1
;__Lib_Math.c,208 :: 		
0x00D7	0x1003      	BCF        STATUS, 0
;__Lib_Math.c,209 :: 		
0x00D8	0x0DF0      	RLF        R0, 1
;__Lib_Math.c,210 :: 		
0x00D9	0x0BFC      	DECFSZ     R12, 1
;__Lib_Math.c,211 :: 		
0x00DA	0x28D0      	GOTO       $-10
;__Lib_Math.c,213 :: 		
L_end_Div_8X8_U:
0x00DB	0x0008      	RETURN
; end of _Div_8X8_U
_Delay_500us:
;__Lib_Delays.c,27 :: 		void Delay_500us() {
;__Lib_Delays.c,28 :: 		Delay_us(498);
0x00DC	0x3004      	MOVLW      4
0x00DD	0x1283      	BCF        STATUS, 5
0x00DE	0x1303      	BCF        STATUS, 6
0x00DF	0x00FC      	MOVWF      R12
0x00E0	0x303A      	MOVLW      58
0x00E1	0x00FD      	MOVWF      R13
L_Delay_500us4:
0x00E2	0x0BFD      	DECFSZ     R13, 1
0x00E3	0x28E2      	GOTO       L_Delay_500us4
0x00E4	0x0BFC      	DECFSZ     R12, 1
0x00E5	0x28E2      	GOTO       L_Delay_500us4
0x00E6	0x0000      	NOP
;__Lib_Delays.c,29 :: 		}
L_end_Delay_500us:
0x00E7	0x0008      	RETURN
; end of _Delay_500us
_Mul_16X16_U:
;__Lib_Math.c,136 :: 		
;__Lib_Math.c,143 :: 		
0x00E8	0x1283      	BCF        STATUS, 5
;__Lib_Math.c,144 :: 		
0x00E9	0x1303      	BCF        STATUS, 6
;__Lib_Math.c,145 :: 		
0x00EA	0x01FB      	CLRF       R11
;__Lib_Math.c,146 :: 		
0x00EB	0x01FA      	CLRF       R10
;__Lib_Math.c,147 :: 		
0x00EC	0x01F9      	CLRF       R9
;__Lib_Math.c,148 :: 		
0x00ED	0x3080      	MOVLW      128
;__Lib_Math.c,149 :: 		
0x00EE	0x00F8      	MOVWF      R8
;__Lib_Math.c,150 :: 		
0x00EF	0x0CF1      	RRF        R1, 1
;__Lib_Math.c,151 :: 		
0x00F0	0x0CF0      	RRF        R0, 1
;__Lib_Math.c,152 :: 		
0x00F1	0x1C03      	BTFSS      STATUS, 0
;__Lib_Math.c,153 :: 		
0x00F2	0x28FC      	GOTO       $+10
;__Lib_Math.c,154 :: 		
0x00F3	0x0874      	MOVF       R4, 0
;__Lib_Math.c,155 :: 		
0x00F4	0x07F9      	ADDWF      R9, 1
;__Lib_Math.c,156 :: 		
0x00F5	0x0875      	MOVF       R5, 0
;__Lib_Math.c,157 :: 		
0x00F6	0x1803      	BTFSC      STATUS, 0
;__Lib_Math.c,158 :: 		
0x00F7	0x0F75      	INCFSZ     R5, 0
;__Lib_Math.c,159 :: 		
0x00F8	0x07FA      	ADDWF      R10, 1
;__Lib_Math.c,160 :: 		
0x00F9	0x1803      	BTFSC      STATUS, 0
;__Lib_Math.c,161 :: 		
0x00FA	0x0AFB      	INCF       R11, 1
;__Lib_Math.c,162 :: 		
0x00FB	0x1003      	BCF        STATUS, 0
;__Lib_Math.c,163 :: 		
0x00FC	0x1FF0      	BTFSS      R0, 7
;__Lib_Math.c,164 :: 		
0x00FD	0x2904      	GOTO       $+7
;__Lib_Math.c,165 :: 		
0x00FE	0x0874      	MOVF       R4, 0
;__Lib_Math.c,166 :: 		
0x00FF	0x07FA      	ADDWF      R10, 1
;__Lib_Math.c,167 :: 		
0x0100	0x0875      	MOVF       R5, 0
;__Lib_Math.c,168 :: 		
0x0101	0x1803      	BTFSC      STATUS, 0
;__Lib_Math.c,169 :: 		
0x0102	0x0F75      	INCFSZ     R5, 0
;__Lib_Math.c,170 :: 		
0x0103	0x07FB      	ADDWF      R11, 1
;__Lib_Math.c,171 :: 		
0x0104	0x0CFB      	RRF        R11, 1
;__Lib_Math.c,172 :: 		
0x0105	0x0CFA      	RRF        R10, 1
;__Lib_Math.c,173 :: 		
0x0106	0x0CF9      	RRF        R9, 1
;__Lib_Math.c,174 :: 		
0x0107	0x0CF8      	RRF        R8, 1
;__Lib_Math.c,175 :: 		
0x0108	0x1C03      	BTFSS      STATUS, 0
;__Lib_Math.c,176 :: 		
0x0109	0x28EF      	GOTO       $-26
;__Lib_Math.c,177 :: 		
0x010A	0x087B      	MOVF       R11, 0
;__Lib_Math.c,178 :: 		
0x010B	0x00F3      	MOVWF      R3
;__Lib_Math.c,179 :: 		
0x010C	0x087A      	MOVF       R10, 0
;__Lib_Math.c,180 :: 		
0x010D	0x00F2      	MOVWF      R2
;__Lib_Math.c,181 :: 		
0x010E	0x0879      	MOVF       R9, 0
;__Lib_Math.c,182 :: 		
0x010F	0x00F1      	MOVWF      R1
;__Lib_Math.c,183 :: 		
0x0110	0x0878      	MOVF       R8, 0
;__Lib_Math.c,184 :: 		
0x0111	0x00F0      	MOVWF      R0
;__Lib_Math.c,187 :: 		
L_end_Mul_16X16_U:
0x0112	0x0008      	RETURN
; end of _Mul_16X16_U
_Display_Temperature:
;WaterTemperature.c,65 :: 		void Display_Temperature(unsigned int temp2write) {
;WaterTemperature.c,70 :: 		if (temp2write & 0x8000) {
0x0113	0x1283      	BCF        STATUS, 5
0x0114	0x1303      	BCF        STATUS, 6
0x0115	0x1FC2      	BTFSS      FARG_Display_Temperature_temp2write+1, 7
0x0116	0x2920      	GOTO       L_Display_Temperature0
;WaterTemperature.c,71 :: 		text[0] = '-';
0x0117	0x0820      	MOVF       _text, 0
0x0118	0x0084      	MOVWF      FSR
0x0119	0x302D      	MOVLW      45
0x011A	0x0080      	MOVWF      INDF
;WaterTemperature.c,72 :: 		temp2write = ~temp2write + 1;
0x011B	0x09C1      	COMF       FARG_Display_Temperature_temp2write, 1
0x011C	0x09C2      	COMF       FARG_Display_Temperature_temp2write+1, 1
0x011D	0x0AC1      	INCF       FARG_Display_Temperature_temp2write, 1
0x011E	0x1903      	BTFSC      STATUS, 2
0x011F	0x0AC2      	INCF       FARG_Display_Temperature_temp2write+1, 1
;WaterTemperature.c,73 :: 		}
L_Display_Temperature0:
;WaterTemperature.c,75 :: 		temp_whole = temp2write >> RES_SHIFT ;
0x0120	0x0841      	MOVF       FARG_Display_Temperature_temp2write, 0
0x0121	0x00F0      	MOVWF      R0
0x0122	0x0842      	MOVF       FARG_Display_Temperature_temp2write+1, 0
0x0123	0x00F1      	MOVWF      R0+1
0x0124	0x0CF1      	RRF        R0+1, 1
0x0125	0x0CF0      	RRF        R0, 1
0x0126	0x13F1      	BCF        R0+1, 7
0x0127	0x0CF1      	RRF        R0+1, 1
0x0128	0x0CF0      	RRF        R0, 1
0x0129	0x13F1      	BCF        R0+1, 7
0x012A	0x0CF1      	RRF        R0+1, 1
0x012B	0x0CF0      	RRF        R0, 1
0x012C	0x13F1      	BCF        R0+1, 7
0x012D	0x0CF1      	RRF        R0+1, 1
0x012E	0x0CF0      	RRF        R0, 1
0x012F	0x13F1      	BCF        R0+1, 7
0x0130	0x0870      	MOVF       R0, 0
0x0131	0x00C3      	MOVWF      Display_Temperature_temp_whole_L0
;WaterTemperature.c,77 :: 		if (temp_whole/100)
0x0132	0x3064      	MOVLW      100
0x0133	0x00F4      	MOVWF      R4
0x0134	0x20CB      	CALL       _Div_8X8_U
0x0135	0x0870      	MOVF       R0, 0
0x0136	0x1903      	BTFSC      STATUS, 2
0x0137	0x2944      	GOTO       L_Display_Temperature1
;WaterTemperature.c,78 :: 		text[0] = temp_whole/100  + 48;
0x0138	0x3064      	MOVLW      100
0x0139	0x00F4      	MOVWF      R4
0x013A	0x0843      	MOVF       Display_Temperature_temp_whole_L0, 0
0x013B	0x00F0      	MOVWF      R0
0x013C	0x20CB      	CALL       _Div_8X8_U
0x013D	0x3030      	MOVLW      48
0x013E	0x07F0      	ADDWF      R0, 1
0x013F	0x0820      	MOVF       _text, 0
0x0140	0x0084      	MOVWF      FSR
0x0141	0x0870      	MOVF       R0, 0
0x0142	0x0080      	MOVWF      INDF
0x0143	0x2948      	GOTO       L_Display_Temperature2
L_Display_Temperature1:
;WaterTemperature.c,80 :: 		text[0] = '0';
0x0144	0x0820      	MOVF       _text, 0
0x0145	0x0084      	MOVWF      FSR
0x0146	0x3030      	MOVLW      48
0x0147	0x0080      	MOVWF      INDF
L_Display_Temperature2:
;WaterTemperature.c,82 :: 		text[1] = (temp_whole/10)%10 + 48;             // Extract tens digit
0x0148	0x0A20      	INCF       _text, 0
0x0149	0x00C6      	MOVWF      FLOC__Display_Temperature
0x014A	0x300A      	MOVLW      10
0x014B	0x00F4      	MOVWF      R4
0x014C	0x0843      	MOVF       Display_Temperature_temp_whole_L0, 0
0x014D	0x00F0      	MOVWF      R0
0x014E	0x20CB      	CALL       _Div_8X8_U
0x014F	0x300A      	MOVLW      10
0x0150	0x00F4      	MOVWF      R4
0x0151	0x20CB      	CALL       _Div_8X8_U
0x0152	0x0878      	MOVF       R8, 0
0x0153	0x00F0      	MOVWF      R0
0x0154	0x3030      	MOVLW      48
0x0155	0x07F0      	ADDWF      R0, 1
0x0156	0x0846      	MOVF       FLOC__Display_Temperature, 0
0x0157	0x0084      	MOVWF      FSR
0x0158	0x0870      	MOVF       R0, 0
0x0159	0x0080      	MOVWF      INDF
;WaterTemperature.c,83 :: 		text[2] =  temp_whole%10     + 48;             // Extract ones digit
0x015A	0x3002      	MOVLW      2
0x015B	0x0720      	ADDWF      _text, 0
0x015C	0x00C6      	MOVWF      FLOC__Display_Temperature
0x015D	0x300A      	MOVLW      10
0x015E	0x00F4      	MOVWF      R4
0x015F	0x0843      	MOVF       Display_Temperature_temp_whole_L0, 0
0x0160	0x00F0      	MOVWF      R0
0x0161	0x20CB      	CALL       _Div_8X8_U
0x0162	0x0878      	MOVF       R8, 0
0x0163	0x00F0      	MOVWF      R0
0x0164	0x3030      	MOVLW      48
0x0165	0x07F0      	ADDWF      R0, 1
0x0166	0x0846      	MOVF       FLOC__Display_Temperature, 0
0x0167	0x0084      	MOVWF      FSR
0x0168	0x0870      	MOVF       R0, 0
0x0169	0x0080      	MOVWF      INDF
;WaterTemperature.c,86 :: 		temp_fraction  = temp2write << (4-RES_SHIFT);
0x016A	0x0841      	MOVF       FARG_Display_Temperature_temp2write, 0
0x016B	0x00C4      	MOVWF      Display_Temperature_temp_fraction_L0
0x016C	0x0842      	MOVF       FARG_Display_Temperature_temp2write+1, 0
0x016D	0x00C5      	MOVWF      Display_Temperature_temp_fraction_L0+1
;WaterTemperature.c,87 :: 		temp_fraction &= 0x000F;
0x016E	0x300F      	MOVLW      15
0x016F	0x0541      	ANDWF      FARG_Display_Temperature_temp2write, 0
0x0170	0x00F0      	MOVWF      R0
0x0171	0x0842      	MOVF       FARG_Display_Temperature_temp2write+1, 0
0x0172	0x00F1      	MOVWF      R0+1
0x0173	0x3000      	MOVLW      0
0x0174	0x05F1      	ANDWF      R0+1, 1
0x0175	0x0870      	MOVF       R0, 0
0x0176	0x00C4      	MOVWF      Display_Temperature_temp_fraction_L0
0x0177	0x0871      	MOVF       R0+1, 0
0x0178	0x00C5      	MOVWF      Display_Temperature_temp_fraction_L0+1
;WaterTemperature.c,88 :: 		temp_fraction *= 625;
0x0179	0x3071      	MOVLW      113
0x017A	0x00F4      	MOVWF      R4
0x017B	0x3002      	MOVLW      2
0x017C	0x00F5      	MOVWF      R4+1
0x017D	0x20E8      	CALL       _Mul_16X16_U
0x017E	0x0870      	MOVF       R0, 0
0x017F	0x00C4      	MOVWF      Display_Temperature_temp_fraction_L0
0x0180	0x0871      	MOVF       R0+1, 0
0x0181	0x00C5      	MOVWF      Display_Temperature_temp_fraction_L0+1
;WaterTemperature.c,91 :: 		text[4] =  temp_fraction/1000    + 48;         // Extract thousands digit
0x0182	0x3004      	MOVLW      4
0x0183	0x0720      	ADDWF      _text, 0
0x0184	0x00C6      	MOVWF      FLOC__Display_Temperature
0x0185	0x30E8      	MOVLW      232
0x0186	0x00F4      	MOVWF      R4
0x0187	0x3003      	MOVLW      3
0x0188	0x00F5      	MOVWF      R4+1
0x0189	0x2065      	CALL       _Div_16X16_U
0x018A	0x3030      	MOVLW      48
0x018B	0x07F0      	ADDWF      R0, 1
0x018C	0x0846      	MOVF       FLOC__Display_Temperature, 0
0x018D	0x0084      	MOVWF      FSR
0x018E	0x0870      	MOVF       R0, 0
0x018F	0x0080      	MOVWF      INDF
;WaterTemperature.c,92 :: 		text[5] = (temp_fraction/100)%10 + 48;         // Extract hundreds digit
0x0190	0x3005      	MOVLW      5
0x0191	0x0720      	ADDWF      _text, 0
0x0192	0x00C6      	MOVWF      FLOC__Display_Temperature
0x0193	0x3064      	MOVLW      100
0x0194	0x00F4      	MOVWF      R4
0x0195	0x3000      	MOVLW      0
0x0196	0x00F5      	MOVWF      R4+1
0x0197	0x0844      	MOVF       Display_Temperature_temp_fraction_L0, 0
0x0198	0x00F0      	MOVWF      R0
0x0199	0x0845      	MOVF       Display_Temperature_temp_fraction_L0+1, 0
0x019A	0x00F1      	MOVWF      R0+1
0x019B	0x2065      	CALL       _Div_16X16_U
0x019C	0x300A      	MOVLW      10
0x019D	0x00F4      	MOVWF      R4
0x019E	0x3000      	MOVLW      0
0x019F	0x00F5      	MOVWF      R4+1
0x01A0	0x2065      	CALL       _Div_16X16_U
0x01A1	0x0878      	MOVF       R8, 0
0x01A2	0x00F0      	MOVWF      R0
0x01A3	0x0879      	MOVF       R8+1, 0
0x01A4	0x00F1      	MOVWF      R0+1
0x01A5	0x3030      	MOVLW      48
0x01A6	0x07F0      	ADDWF      R0, 1
0x01A7	0x0846      	MOVF       FLOC__Display_Temperature, 0
0x01A8	0x0084      	MOVWF      FSR
0x01A9	0x0870      	MOVF       R0, 0
0x01AA	0x0080      	MOVWF      INDF
;WaterTemperature.c,93 :: 		text[6] = (temp_fraction/10)%10  + 48;         // Extract tens digit
0x01AB	0x3006      	MOVLW      6
0x01AC	0x0720      	ADDWF      _text, 0
0x01AD	0x00C6      	MOVWF      FLOC__Display_Temperature
0x01AE	0x300A      	MOVLW      10
0x01AF	0x00F4      	MOVWF      R4
0x01B0	0x3000      	MOVLW      0
0x01B1	0x00F5      	MOVWF      R4+1
0x01B2	0x0844      	MOVF       Display_Temperature_temp_fraction_L0, 0
0x01B3	0x00F0      	MOVWF      R0
0x01B4	0x0845      	MOVF       Display_Temperature_temp_fraction_L0+1, 0
0x01B5	0x00F1      	MOVWF      R0+1
0x01B6	0x2065      	CALL       _Div_16X16_U
0x01B7	0x300A      	MOVLW      10
0x01B8	0x00F4      	MOVWF      R4
0x01B9	0x3000      	MOVLW      0
0x01BA	0x00F5      	MOVWF      R4+1
0x01BB	0x2065      	CALL       _Div_16X16_U
0x01BC	0x0878      	MOVF       R8, 0
0x01BD	0x00F0      	MOVWF      R0
0x01BE	0x0879      	MOVF       R8+1, 0
0x01BF	0x00F1      	MOVWF      R0+1
0x01C0	0x3030      	MOVLW      48
0x01C1	0x07F0      	ADDWF      R0, 1
0x01C2	0x0846      	MOVF       FLOC__Display_Temperature, 0
0x01C3	0x0084      	MOVWF      FSR
0x01C4	0x0870      	MOVF       R0, 0
0x01C5	0x0080      	MOVWF      INDF
;WaterTemperature.c,94 :: 		text[7] =  temp_fraction%10      + 48;         // Extract ones digit
0x01C6	0x3007      	MOVLW      7
0x01C7	0x0720      	ADDWF      _text, 0
0x01C8	0x00C6      	MOVWF      FLOC__Display_Temperature
0x01C9	0x300A      	MOVLW      10
0x01CA	0x00F4      	MOVWF      R4
0x01CB	0x3000      	MOVLW      0
0x01CC	0x00F5      	MOVWF      R4+1
0x01CD	0x0844      	MOVF       Display_Temperature_temp_fraction_L0, 0
0x01CE	0x00F0      	MOVWF      R0
0x01CF	0x0845      	MOVF       Display_Temperature_temp_fraction_L0+1, 0
0x01D0	0x00F1      	MOVWF      R0+1
0x01D1	0x2065      	CALL       _Div_16X16_U
0x01D2	0x0878      	MOVF       R8, 0
0x01D3	0x00F0      	MOVWF      R0
0x01D4	0x0879      	MOVF       R8+1, 0
0x01D5	0x00F1      	MOVWF      R0+1
0x01D6	0x3030      	MOVLW      48
0x01D7	0x07F0      	ADDWF      R0, 1
0x01D8	0x0846      	MOVF       FLOC__Display_Temperature, 0
0x01D9	0x0084      	MOVWF      FSR
0x01DA	0x0870      	MOVF       R0, 0
0x01DB	0x0080      	MOVWF      INDF
;WaterTemperature.c,97 :: 		Lcd_Out(2, 5, text);
0x01DC	0x3002      	MOVLW      2
0x01DD	0x00C7      	MOVWF      FARG_Lcd_Out_row
0x01DE	0x3005      	MOVLW      5
0x01DF	0x00C8      	MOVWF      FARG_Lcd_Out_column
0x01E0	0x0820      	MOVF       _text, 0
0x01E1	0x00C9      	MOVWF      FARG_Lcd_Out_text
0x01E2	0x2082      	CALL       _Lcd_Out
;WaterTemperature.c,98 :: 		}
L_end_Display_Temperature:
0x01E3	0x0008      	RETURN
; end of _Display_Temperature
_Ow_Write:
;__Lib_OneWire.c,54 :: 		
;__Lib_OneWire.c,57 :: 		
0x01E4	0x1283      	BCF        STATUS, 5
0x01E5	0x1303      	BCF        STATUS, 6
0x01E6	0x0842      	MOVF       FARG_Ow_Write_pin, 0
0x01E7	0x00F1      	MOVWF      R1
0x01E8	0x3001      	MOVLW      1
0x01E9	0x00F0      	MOVWF      R0
0x01EA	0x0871      	MOVF       R1, 0
L__Ow_Write17:
0x01EB	0x1903      	BTFSC      STATUS, 2
0x01EC	0x29F1      	GOTO       L__Ow_Write18
0x01ED	0x0DF0      	RLF        R0, 1
0x01EE	0x1070      	BCF        R0, 0
0x01EF	0x3EFF      	ADDLW      255
0x01F0	0x29EB      	GOTO       L__Ow_Write17
L__Ow_Write18:
0x01F1	0x0870      	MOVF       R0, 0
0x01F2	0x00C6      	MOVWF      Ow_Write_bit_mask_1_L0
;__Lib_OneWire.c,58 :: 		
0x01F3	0x09F0      	COMF       R0, 1
0x01F4	0x0870      	MOVF       R0, 0
0x01F5	0x00C5      	MOVWF      Ow_Write_bit_mask_0_L0
;__Lib_OneWire.c,60 :: 		
0x01F6	0x0841      	MOVF       FARG_Ow_Write_port, 0
0x01F7	0x0084      	MOVWF      FSR
;__Lib_OneWire.c,61 :: 		
0x01F8	0x0870      	MOVF       R0, 0
0x01F9	0x0580      	ANDWF      INDF, 1
;__Lib_OneWire.c,62 :: 		
0x01FA	0x1784      	BSF        FSR, 7
;__Lib_OneWire.c,64 :: 		
0x01FB	0x01C4      	CLRF       Ow_Write_i_L0
L_Ow_Write4:
0x01FC	0x0844      	MOVF       Ow_Write_i_L0, 0
0x01FD	0x3C07      	SUBLW      7
0x01FE	0x1C03      	BTFSS      STATUS, 0
0x01FF	0x2A16      	GOTO       L_Ow_Write5
;__Lib_OneWire.c,65 :: 		
0x0200	0x0844      	MOVF       Ow_Write_i_L0, 0
0x0201	0x00F0      	MOVWF      R0
0x0202	0x0843      	MOVF       FARG_Ow_Write_data_, 0
0x0203	0x00F1      	MOVWF      R1
0x0204	0x0870      	MOVF       R0, 0
L__Ow_Write19:
0x0205	0x1903      	BTFSC      STATUS, 2
0x0206	0x2A0B      	GOTO       L__Ow_Write20
0x0207	0x0CF1      	RRF        R1, 1
0x0208	0x13F1      	BCF        R1, 7
0x0209	0x3EFF      	ADDLW      255
0x020A	0x2A05      	GOTO       L__Ow_Write19
L__Ow_Write20:
;__Lib_OneWire.c,68 :: 		
0x020B	0x0845      	MOVF       Ow_Write_bit_mask_0_L0, 0
0x020C	0x0580      	ANDWF      INDF, 1
;__Lib_OneWire.c,70 :: 		
0x020D	0x1C71      	BTFSS      R1, 0
0x020E	0x2A11      	GOTO       L_Ow_Write7
;__Lib_OneWire.c,71 :: 		
0x020F	0x0846      	MOVF       Ow_Write_bit_mask_1_L0, 0
0x0210	0x0480      	IORWF      INDF, 1
;__Lib_OneWire.c,72 :: 		
L_Ow_Write7:
;__Lib_OneWire.c,74 :: 		
0x0211	0x20C2      	CALL       _Delay_80us
;__Lib_OneWire.c,76 :: 		
0x0212	0x0846      	MOVF       Ow_Write_bit_mask_1_L0, 0
0x0213	0x0480      	IORWF      INDF, 1
;__Lib_OneWire.c,64 :: 		
0x0214	0x0AC4      	INCF       Ow_Write_i_L0, 1
;__Lib_OneWire.c,77 :: 		
0x0215	0x29FC      	GOTO       L_Ow_Write4
L_Ow_Write5:
;__Lib_OneWire.c,78 :: 		
0x0216	0x1384      	BCF        FSR, 7
;__Lib_OneWire.c,80 :: 		
0x0217	0x2003      	CALL       _Delay_50us
;__Lib_OneWire.c,81 :: 		
0x0218	0x2003      	CALL       _Delay_50us
;__Lib_OneWire.c,82 :: 		
L_end_Ow_Write:
0x0219	0x0008      	RETURN
; end of _Ow_Write
_Ow_Read:
;__Lib_OneWire.c,26 :: 		
;__Lib_OneWire.c,29 :: 		
0x021A	0x1283      	BCF        STATUS, 5
0x021B	0x1303      	BCF        STATUS, 6
0x021C	0x0842      	MOVF       FARG_Ow_Read_pin, 0
0x021D	0x00F1      	MOVWF      R1
0x021E	0x3001      	MOVLW      1
0x021F	0x00F0      	MOVWF      R0
0x0220	0x0871      	MOVF       R1, 0
L__Ow_Read12:
0x0221	0x1903      	BTFSC      STATUS, 2
0x0222	0x2A27      	GOTO       L__Ow_Read13
0x0223	0x0DF0      	RLF        R0, 1
0x0224	0x1070      	BCF        R0, 0
0x0225	0x3EFF      	ADDLW      255
0x0226	0x2A21      	GOTO       L__Ow_Read12
L__Ow_Read13:
0x0227	0x0870      	MOVF       R0, 0
0x0228	0x00C6      	MOVWF      Ow_Read_bit_mask_1_L0
;__Lib_OneWire.c,30 :: 		
0x0229	0x0970      	COMF       R0, 0
0x022A	0x00C5      	MOVWF      Ow_Read_bit_mask_0_L0
;__Lib_OneWire.c,32 :: 		
0x022B	0x0841      	MOVF       FARG_Ow_Read_port, 0
0x022C	0x0084      	MOVWF      FSR
;__Lib_OneWire.c,33 :: 		
0x022D	0x01C4      	CLRF       Ow_Read_tmp_L0
;__Lib_OneWire.c,34 :: 		
0x022E	0x01C3      	CLRF       Ow_Read_i_L0
L_Ow_Read0:
0x022F	0x0843      	MOVF       Ow_Read_i_L0, 0
0x0230	0x3C07      	SUBLW      7
0x0231	0x1C03      	BTFSS      STATUS, 0
0x0232	0x2A53      	GOTO       L_Ow_Read1
;__Lib_OneWire.c,35 :: 		
0x0233	0x0845      	MOVF       Ow_Read_bit_mask_0_L0, 0
0x0234	0x0580      	ANDWF      INDF, 1
;__Lib_OneWire.c,37 :: 		
0x0235	0x1784      	BSF        FSR, 7
;__Lib_OneWire.c,38 :: 		
0x0236	0x0845      	MOVF       Ow_Read_bit_mask_0_L0, 0
0x0237	0x0580      	ANDWF      INDF, 1
;__Lib_OneWire.c,39 :: 		
0x0238	0x2017      	CALL       _Delay_1us
;__Lib_OneWire.c,40 :: 		
0x0239	0x0846      	MOVF       Ow_Read_bit_mask_1_L0, 0
0x023A	0x0480      	IORWF      INDF, 1
;__Lib_OneWire.c,41 :: 		
0x023B	0x2017      	CALL       _Delay_1us
;__Lib_OneWire.c,43 :: 		
0x023C	0x1384      	BCF        FSR, 7
;__Lib_OneWire.c,44 :: 		
0x023D	0x0846      	MOVF       Ow_Read_bit_mask_1_L0, 0
0x023E	0x0500      	ANDWF      INDF, 0
0x023F	0x00F0      	MOVWF      R0
0x0240	0x1903      	BTFSC      STATUS, 2
0x0241	0x2A4F      	GOTO       L_Ow_Read3
;__Lib_OneWire.c,45 :: 		
0x0242	0x0843      	MOVF       Ow_Read_i_L0, 0
0x0243	0x00F1      	MOVWF      R1
0x0244	0x3001      	MOVLW      1
0x0245	0x00F0      	MOVWF      R0
0x0246	0x0871      	MOVF       R1, 0
L__Ow_Read14:
0x0247	0x1903      	BTFSC      STATUS, 2
0x0248	0x2A4D      	GOTO       L__Ow_Read15
0x0249	0x0DF0      	RLF        R0, 1
0x024A	0x1070      	BCF        R0, 0
0x024B	0x3EFF      	ADDLW      255
0x024C	0x2A47      	GOTO       L__Ow_Read14
L__Ow_Read15:
0x024D	0x0870      	MOVF       R0, 0
0x024E	0x04C4      	IORWF      Ow_Read_tmp_L0, 1
L_Ow_Read3:
;__Lib_OneWire.c,47 :: 		
0x024F	0x2003      	CALL       _Delay_50us
;__Lib_OneWire.c,48 :: 		
0x0250	0x2003      	CALL       _Delay_50us
;__Lib_OneWire.c,34 :: 		
0x0251	0x0AC3      	INCF       Ow_Read_i_L0, 1
;__Lib_OneWire.c,49 :: 		
0x0252	0x2A2F      	GOTO       L_Ow_Read0
L_Ow_Read1:
;__Lib_OneWire.c,50 :: 		
0x0253	0x0844      	MOVF       Ow_Read_tmp_L0, 0
0x0254	0x00F0      	MOVWF      R0
;__Lib_OneWire.c,51 :: 		
L_end_Ow_Read:
0x0255	0x0008      	RETURN
; end of _Ow_Read
_____DoICP:
;__Lib_System.c,6 :: 		
;__Lib_System.c,9 :: 		
0x0256	0x1283      	BCF        STATUS, 5
0x0257	0x1303      	BCF        STATUS, 6
0x0258	0x083E      	MOVF       ___DoICPAddr+1, 0
0x0259	0x008A      	MOVWF      PCLATH
;__Lib_System.c,10 :: 		
0x025A	0x083D      	MOVF       ___DoICPAddr, 0
0x025B	0x0082      	MOVWF      PCL
;__Lib_System.c,12 :: 		
L_end_____DoICP:
0x025C	0x0008      	RETURN
; end of _____DoICP
_Ow_Reset:
;__Lib_OneWire.c,5 :: 		
;__Lib_OneWire.c,8 :: 		
0x025D	0x1283      	BCF        STATUS, 5
0x025E	0x1303      	BCF        STATUS, 6
0x025F	0x0842      	MOVF       FARG_Ow_Reset_pin, 0
0x0260	0x00F1      	MOVWF      R1
0x0261	0x3001      	MOVLW      1
0x0262	0x00F0      	MOVWF      R0
0x0263	0x0871      	MOVF       R1, 0
L__Ow_Reset9:
0x0264	0x1903      	BTFSC      STATUS, 2
0x0265	0x2A6A      	GOTO       L__Ow_Reset10
0x0266	0x0DF0      	RLF        R0, 1
0x0267	0x1070      	BCF        R0, 0
0x0268	0x3EFF      	ADDLW      255
0x0269	0x2A64      	GOTO       L__Ow_Reset9
L__Ow_Reset10:
0x026A	0x0870      	MOVF       R0, 0
0x026B	0x00C4      	MOVWF      Ow_Reset_bit_mask_1_L0
;__Lib_OneWire.c,9 :: 		
0x026C	0x09F0      	COMF       R0, 1
;__Lib_OneWire.c,11 :: 		
0x026D	0x0841      	MOVF       FARG_Ow_Reset_port, 0
0x026E	0x0084      	MOVWF      FSR
;__Lib_OneWire.c,12 :: 		
0x026F	0x0870      	MOVF       R0, 0
0x0270	0x0580      	ANDWF      INDF, 1
;__Lib_OneWire.c,13 :: 		
0x0271	0x1784      	BSF        FSR, 7
;__Lib_OneWire.c,14 :: 		
0x0272	0x0870      	MOVF       R0, 0
0x0273	0x0580      	ANDWF      INDF, 1
;__Lib_OneWire.c,15 :: 		
0x0274	0x20DC      	CALL       _Delay_500us
;__Lib_OneWire.c,16 :: 		
0x0275	0x0844      	MOVF       Ow_Reset_bit_mask_1_L0, 0
0x0276	0x0480      	IORWF      INDF, 1
;__Lib_OneWire.c,18 :: 		
0x0277	0x1384      	BCF        FSR, 7
;__Lib_OneWire.c,19 :: 		
0x0278	0x20C2      	CALL       _Delay_80us
;__Lib_OneWire.c,20 :: 		
0x0279	0x0844      	MOVF       Ow_Reset_bit_mask_1_L0, 0
0x027A	0x0500      	ANDWF      INDF, 0
0x027B	0x00C3      	MOVWF      Ow_Reset_res_L0
0x027C	0x0843      	MOVF       Ow_Reset_res_L0, 0
0x027D	0x3A00      	XORLW      0
0x027E	0x3001      	MOVLW      1
0x027F	0x1903      	BTFSC      STATUS, 2
0x0280	0x3000      	MOVLW      0
0x0281	0x00C3      	MOVWF      Ow_Reset_res_L0
;__Lib_OneWire.c,21 :: 		
0x0282	0x20DC      	CALL       _Delay_500us
;__Lib_OneWire.c,22 :: 		
0x0283	0x0843      	MOVF       Ow_Reset_res_L0, 0
0x0284	0x00F0      	MOVWF      R0
;__Lib_OneWire.c,23 :: 		
L_end_Ow_Reset:
0x0285	0x0008      	RETURN
; end of _Ow_Reset
_Lcd_Chr:
;__Lib_Lcd.c,65 :: 		
;__Lib_Lcd.c,66 :: 		
0x0286	0x2A98      	GOTO       L_Lcd_Chr4
;__Lib_Lcd.c,67 :: 		
L_Lcd_Chr6:
0x0287	0x3080      	MOVLW      128
0x0288	0x1283      	BCF        STATUS, 5
0x0289	0x1303      	BCF        STATUS, 6
0x028A	0x00C1      	MOVWF      FARG_Lcd_Chr_row
0x028B	0x2AAB      	GOTO       L_Lcd_Chr5
;__Lib_Lcd.c,68 :: 		
L_Lcd_Chr7:
0x028C	0x30C0      	MOVLW      192
0x028D	0x00C1      	MOVWF      FARG_Lcd_Chr_row
0x028E	0x2AAB      	GOTO       L_Lcd_Chr5
;__Lib_Lcd.c,69 :: 		
L_Lcd_Chr8:
0x028F	0x3094      	MOVLW      148
0x0290	0x00C1      	MOVWF      FARG_Lcd_Chr_row
0x0291	0x2AAB      	GOTO       L_Lcd_Chr5
;__Lib_Lcd.c,70 :: 		
L_Lcd_Chr9:
0x0292	0x30D4      	MOVLW      212
0x0293	0x00C1      	MOVWF      FARG_Lcd_Chr_row
0x0294	0x2AAB      	GOTO       L_Lcd_Chr5
;__Lib_Lcd.c,71 :: 		
L_Lcd_Chr10:
0x0295	0x3080      	MOVLW      128
0x0296	0x00C1      	MOVWF      FARG_Lcd_Chr_row
;__Lib_Lcd.c,72 :: 		
0x0297	0x2AAB      	GOTO       L_Lcd_Chr5
L_Lcd_Chr4:
0x0298	0x1283      	BCF        STATUS, 5
0x0299	0x1303      	BCF        STATUS, 6
0x029A	0x0841      	MOVF       FARG_Lcd_Chr_row, 0
0x029B	0x3A01      	XORLW      1
0x029C	0x1903      	BTFSC      STATUS, 2
0x029D	0x2A87      	GOTO       L_Lcd_Chr6
0x029E	0x0841      	MOVF       FARG_Lcd_Chr_row, 0
0x029F	0x3A02      	XORLW      2
0x02A0	0x1903      	BTFSC      STATUS, 2
0x02A1	0x2A8C      	GOTO       L_Lcd_Chr7
0x02A2	0x0841      	MOVF       FARG_Lcd_Chr_row, 0
0x02A3	0x3A03      	XORLW      3
0x02A4	0x1903      	BTFSC      STATUS, 2
0x02A5	0x2A8F      	GOTO       L_Lcd_Chr8
0x02A6	0x0841      	MOVF       FARG_Lcd_Chr_row, 0
0x02A7	0x3A04      	XORLW      4
0x02A8	0x1903      	BTFSC      STATUS, 2
0x02A9	0x2A92      	GOTO       L_Lcd_Chr9
0x02AA	0x2A95      	GOTO       L_Lcd_Chr10
L_Lcd_Chr5:
;__Lib_Lcd.c,74 :: 		
0x02AB	0x0342      	DECF       FARG_Lcd_Chr_column, 0
0x02AC	0x00F0      	MOVWF      R0
0x02AD	0x0841      	MOVF       FARG_Lcd_Chr_row, 0
0x02AE	0x07F0      	ADDWF      R0, 1
0x02AF	0x0870      	MOVF       R0, 0
0x02B0	0x00C1      	MOVWF      FARG_Lcd_Chr_row
;__Lib_Lcd.c,76 :: 		
0x02B1	0x143B      	BSF        __Lib_Lcd_cmd_status, BitPos(__Lib_Lcd_cmd_status+0)
;__Lib_Lcd.c,77 :: 		
0x02B2	0x0870      	MOVF       R0, 0
0x02B3	0x00CC      	MOVWF      FARG_Lcd_Cmd_out_char
0x02B4	0x201D      	CALL       _Lcd_Cmd
;__Lib_Lcd.c,79 :: 		
0x02B5	0x103B      	BCF        __Lib_Lcd_cmd_status, BitPos(__Lib_Lcd_cmd_status+0)
;__Lib_Lcd.c,80 :: 		
0x02B6	0x0843      	MOVF       FARG_Lcd_Chr_out_char, 0
0x02B7	0x00CC      	MOVWF      FARG_Lcd_Cmd_out_char
0x02B8	0x201D      	CALL       _Lcd_Cmd
;__Lib_Lcd.c,81 :: 		
0x02B9	0x143B      	BSF        __Lib_Lcd_cmd_status, BitPos(__Lib_Lcd_cmd_status+0)
;__Lib_Lcd.c,82 :: 		
L_end_Lcd_Chr:
0x02BA	0x0008      	RETURN
; end of _Lcd_Chr
_Lcd_Init:
;__Lib_Lcd.c,84 :: 		
;__Lib_Lcd.c,86 :: 		
0x02BB	0x1683      	BSF        STATUS, 5
0x02BC	0x1303      	BCF        STATUS, 6
0x02BD	0x1286      	BCF        LCD_EN_Direction, BitPos(LCD_EN_Direction+0)
;__Lib_Lcd.c,87 :: 		
0x02BE	0x1206      	BCF        LCD_RS_Direction, BitPos(LCD_RS_Direction+0)
;__Lib_Lcd.c,88 :: 		
0x02BF	0x1186      	BCF        LCD_D4_Direction, BitPos(LCD_D4_Direction+0)
;__Lib_Lcd.c,89 :: 		
0x02C0	0x1106      	BCF        LCD_D5_Direction, BitPos(LCD_D5_Direction+0)
;__Lib_Lcd.c,90 :: 		
0x02C1	0x1086      	BCF        LCD_D6_Direction, BitPos(LCD_D6_Direction+0)
;__Lib_Lcd.c,91 :: 		
0x02C2	0x1006      	BCF        LCD_D7_Direction, BitPos(LCD_D7_Direction+0)
;__Lib_Lcd.c,93 :: 		
0x02C3	0x1283      	BCF        STATUS, 5
0x02C4	0x1286      	BCF        LCD_EN, BitPos(LCD_EN+0)
;__Lib_Lcd.c,94 :: 		
0x02C5	0x1206      	BCF        LCD_RS, BitPos(LCD_RS+0)
;__Lib_Lcd.c,95 :: 		
0x02C6	0x1006      	BCF        LCD_D7, BitPos(LCD_D7+0)
;__Lib_Lcd.c,96 :: 		
0x02C7	0x1086      	BCF        LCD_D6, BitPos(LCD_D6+0)
;__Lib_Lcd.c,97 :: 		
0x02C8	0x1106      	BCF        LCD_D5, BitPos(LCD_D5+0)
;__Lib_Lcd.c,98 :: 		
0x02C9	0x1186      	BCF        LCD_D4, BitPos(LCD_D4+0)
;__Lib_Lcd.c,100 :: 		
0x02CA	0x200A      	CALL       _Delay_5500us
;__Lib_Lcd.c,101 :: 		
0x02CB	0x200A      	CALL       _Delay_5500us
;__Lib_Lcd.c,102 :: 		
0x02CC	0x200A      	CALL       _Delay_5500us
;__Lib_Lcd.c,105 :: 		
0x02CD	0x1506      	BSF        LCD_D5, BitPos(LCD_D5+0)
;__Lib_Lcd.c,106 :: 		
0x02CE	0x1586      	BSF        LCD_D4, BitPos(LCD_D4+0)
;__Lib_Lcd.c,107 :: 		
0x02CF	0x1686      	BSF        LCD_EN, BitPos(LCD_EN+0)
;__Lib_Lcd.c,108 :: 		
0x02D0	0x2017      	CALL       _Delay_1us
;__Lib_Lcd.c,109 :: 		
0x02D1	0x1286      	BCF        LCD_EN, BitPos(LCD_EN+0)
;__Lib_Lcd.c,110 :: 		
0x02D2	0x200A      	CALL       _Delay_5500us
;__Lib_Lcd.c,112 :: 		
0x02D3	0x1686      	BSF        LCD_EN, BitPos(LCD_EN+0)
;__Lib_Lcd.c,113 :: 		
0x02D4	0x2017      	CALL       _Delay_1us
;__Lib_Lcd.c,114 :: 		
0x02D5	0x1286      	BCF        LCD_EN, BitPos(LCD_EN+0)
;__Lib_Lcd.c,115 :: 		
0x02D6	0x200A      	CALL       _Delay_5500us
;__Lib_Lcd.c,117 :: 		
0x02D7	0x1686      	BSF        LCD_EN, BitPos(LCD_EN+0)
;__Lib_Lcd.c,118 :: 		
0x02D8	0x2017      	CALL       _Delay_1us
;__Lib_Lcd.c,119 :: 		
0x02D9	0x1286      	BCF        LCD_EN, BitPos(LCD_EN+0)
;__Lib_Lcd.c,120 :: 		
0x02DA	0x200A      	CALL       _Delay_5500us
;__Lib_Lcd.c,123 :: 		
0x02DB	0x1186      	BCF        LCD_D4, BitPos(LCD_D4+0)
;__Lib_Lcd.c,124 :: 		
0x02DC	0x1686      	BSF        LCD_EN, BitPos(LCD_EN+0)
;__Lib_Lcd.c,125 :: 		
0x02DD	0x2017      	CALL       _Delay_1us
;__Lib_Lcd.c,126 :: 		
0x02DE	0x1286      	BCF        LCD_EN, BitPos(LCD_EN+0)
;__Lib_Lcd.c,127 :: 		
0x02DF	0x200A      	CALL       _Delay_5500us
;__Lib_Lcd.c,130 :: 		
0x02E0	0x1686      	BSF        LCD_EN, BitPos(LCD_EN+0)
;__Lib_Lcd.c,131 :: 		
0x02E1	0x2017      	CALL       _Delay_1us
;__Lib_Lcd.c,132 :: 		
0x02E2	0x1286      	BCF        LCD_EN, BitPos(LCD_EN+0)
;__Lib_Lcd.c,134 :: 		
0x02E3	0x1106      	BCF        LCD_D5, BitPos(LCD_D5+0)
;__Lib_Lcd.c,135 :: 		
0x02E4	0x1406      	BSF        LCD_D7, BitPos(LCD_D7+0)
;__Lib_Lcd.c,136 :: 		
0x02E5	0x1686      	BSF        LCD_EN, BitPos(LCD_EN+0)
;__Lib_Lcd.c,137 :: 		
0x02E6	0x2017      	CALL       _Delay_1us
;__Lib_Lcd.c,138 :: 		
0x02E7	0x1286      	BCF        LCD_EN, BitPos(LCD_EN+0)
;__Lib_Lcd.c,139 :: 		
0x02E8	0x200A      	CALL       _Delay_5500us
;__Lib_Lcd.c,142 :: 		
0x02E9	0x1006      	BCF        LCD_D7, BitPos(LCD_D7+0)
;__Lib_Lcd.c,143 :: 		
0x02EA	0x1586      	BSF        LCD_D4, BitPos(LCD_D4+0)
;__Lib_Lcd.c,144 :: 		
0x02EB	0x1686      	BSF        LCD_EN, BitPos(LCD_EN+0)
;__Lib_Lcd.c,145 :: 		
0x02EC	0x2017      	CALL       _Delay_1us
;__Lib_Lcd.c,146 :: 		
0x02ED	0x1286      	BCF        LCD_EN, BitPos(LCD_EN+0)
;__Lib_Lcd.c,148 :: 		
0x02EE	0x1186      	BCF        LCD_D4, BitPos(LCD_D4+0)
;__Lib_Lcd.c,149 :: 		
0x02EF	0x1686      	BSF        LCD_EN, BitPos(LCD_EN+0)
;__Lib_Lcd.c,150 :: 		
0x02F0	0x2017      	CALL       _Delay_1us
;__Lib_Lcd.c,151 :: 		
0x02F1	0x1286      	BCF        LCD_EN, BitPos(LCD_EN+0)
;__Lib_Lcd.c,152 :: 		
0x02F2	0x200A      	CALL       _Delay_5500us
;__Lib_Lcd.c,155 :: 		
0x02F3	0x1686      	BSF        LCD_EN, BitPos(LCD_EN+0)
;__Lib_Lcd.c,156 :: 		
0x02F4	0x2017      	CALL       _Delay_1us
;__Lib_Lcd.c,157 :: 		
0x02F5	0x1286      	BCF        LCD_EN, BitPos(LCD_EN+0)
;__Lib_Lcd.c,159 :: 		
0x02F6	0x1586      	BSF        LCD_D4, BitPos(LCD_D4+0)
;__Lib_Lcd.c,160 :: 		
0x02F7	0x1686      	BSF        LCD_EN, BitPos(LCD_EN+0)
;__Lib_Lcd.c,161 :: 		
0x02F8	0x2017      	CALL       _Delay_1us
;__Lib_Lcd.c,162 :: 		
0x02F9	0x1286      	BCF        LCD_EN, BitPos(LCD_EN+0)
;__Lib_Lcd.c,163 :: 		
0x02FA	0x200A      	CALL       _Delay_5500us
;__Lib_Lcd.c,166 :: 		
0x02FB	0x1186      	BCF        LCD_D4, BitPos(LCD_D4+0)
;__Lib_Lcd.c,167 :: 		
0x02FC	0x1686      	BSF        LCD_EN, BitPos(LCD_EN+0)
;__Lib_Lcd.c,168 :: 		
0x02FD	0x2017      	CALL       _Delay_1us
;__Lib_Lcd.c,169 :: 		
0x02FE	0x1286      	BCF        LCD_EN, BitPos(LCD_EN+0)
;__Lib_Lcd.c,171 :: 		
0x02FF	0x1406      	BSF        LCD_D7, BitPos(LCD_D7+0)
;__Lib_Lcd.c,172 :: 		
0x0300	0x1486      	BSF        LCD_D6, BitPos(LCD_D6+0)
;__Lib_Lcd.c,173 :: 		
0x0301	0x1506      	BSF        LCD_D5, BitPos(LCD_D5+0)
;__Lib_Lcd.c,174 :: 		
0x0302	0x1586      	BSF        LCD_D4, BitPos(LCD_D4+0)
;__Lib_Lcd.c,175 :: 		
0x0303	0x1686      	BSF        LCD_EN, BitPos(LCD_EN+0)
;__Lib_Lcd.c,176 :: 		
0x0304	0x2017      	CALL       _Delay_1us
;__Lib_Lcd.c,177 :: 		
0x0305	0x1286      	BCF        LCD_EN, BitPos(LCD_EN+0)
;__Lib_Lcd.c,179 :: 		
0x0306	0x200A      	CALL       _Delay_5500us
;__Lib_Lcd.c,181 :: 		
0x0307	0x143B      	BSF        __Lib_Lcd_cmd_status, BitPos(__Lib_Lcd_cmd_status+0)
;__Lib_Lcd.c,182 :: 		
L_end_Lcd_Init:
0x0308	0x0008      	RETURN
; end of _Lcd_Init
_Temperature:
;WaterTemperature.c,101 :: 		void Temperature(){
;WaterTemperature.c,102 :: 		Ow_Reset(&PORTE, 2);                         // Onewire reset signal
0x0309	0x3009      	MOVLW      PORTE
0x030A	0x1283      	BCF        STATUS, 5
0x030B	0x1303      	BCF        STATUS, 6
0x030C	0x00C1      	MOVWF      FARG_Ow_Reset_port
0x030D	0x3002      	MOVLW      2
0x030E	0x00C2      	MOVWF      FARG_Ow_Reset_pin
0x030F	0x225D      	CALL       _Ow_Reset
;WaterTemperature.c,103 :: 		Ow_Write(&PORTE, 2, 0xCC);                   // Issue command SKIP_ROM
0x0310	0x3009      	MOVLW      PORTE
0x0311	0x00C1      	MOVWF      FARG_Ow_Write_port
0x0312	0x3002      	MOVLW      2
0x0313	0x00C2      	MOVWF      FARG_Ow_Write_pin
0x0314	0x30CC      	MOVLW      204
0x0315	0x00C3      	MOVWF      FARG_Ow_Write_data_
0x0316	0x21E4      	CALL       _Ow_Write
;WaterTemperature.c,104 :: 		Ow_Write(&PORTE, 2, 0x44);                   // Issue command CONVERT_T
0x0317	0x3009      	MOVLW      PORTE
0x0318	0x00C1      	MOVWF      FARG_Ow_Write_port
0x0319	0x3002      	MOVLW      2
0x031A	0x00C2      	MOVWF      FARG_Ow_Write_pin
0x031B	0x3044      	MOVLW      68
0x031C	0x00C3      	MOVWF      FARG_Ow_Write_data_
0x031D	0x21E4      	CALL       _Ow_Write
;WaterTemperature.c,105 :: 		Delay_us(120);
0x031E	0x30C7      	MOVLW      199
0x031F	0x00FD      	MOVWF      R13
L_Temperature3:
0x0320	0x0BFD      	DECFSZ     R13, 1
0x0321	0x2B20      	GOTO       L_Temperature3
0x0322	0x0000      	NOP
0x0323	0x0000      	NOP
;WaterTemperature.c,107 :: 		Ow_Reset(&PORTE, 2);
0x0324	0x3009      	MOVLW      PORTE
0x0325	0x00C1      	MOVWF      FARG_Ow_Reset_port
0x0326	0x3002      	MOVLW      2
0x0327	0x00C2      	MOVWF      FARG_Ow_Reset_pin
0x0328	0x225D      	CALL       _Ow_Reset
;WaterTemperature.c,108 :: 		Ow_Write(&PORTE, 2, 0xCC);                   // Issue command SKIP_ROM
0x0329	0x3009      	MOVLW      PORTE
0x032A	0x00C1      	MOVWF      FARG_Ow_Write_port
0x032B	0x3002      	MOVLW      2
0x032C	0x00C2      	MOVWF      FARG_Ow_Write_pin
0x032D	0x30CC      	MOVLW      204
0x032E	0x00C3      	MOVWF      FARG_Ow_Write_data_
0x032F	0x21E4      	CALL       _Ow_Write
;WaterTemperature.c,109 :: 		Ow_Write(&PORTE, 2, 0xBE);                   // Issue command READ_SCRATCHPAD
0x0330	0x3009      	MOVLW      PORTE
0x0331	0x00C1      	MOVWF      FARG_Ow_Write_port
0x0332	0x3002      	MOVLW      2
0x0333	0x00C2      	MOVWF      FARG_Ow_Write_pin
0x0334	0x30BE      	MOVLW      190
0x0335	0x00C3      	MOVWF      FARG_Ow_Write_data_
0x0336	0x21E4      	CALL       _Ow_Write
;WaterTemperature.c,111 :: 		temp =  Ow_Read(&PORTE, 2);
0x0337	0x3009      	MOVLW      PORTE
0x0338	0x00C1      	MOVWF      FARG_Ow_Read_port
0x0339	0x3002      	MOVLW      2
0x033A	0x00C2      	MOVWF      FARG_Ow_Read_pin
0x033B	0x221A      	CALL       _Ow_Read
0x033C	0x0870      	MOVF       R0, 0
0x033D	0x00BF      	MOVWF      _temp
0x033E	0x01C0      	CLRF       _temp+1
;WaterTemperature.c,112 :: 		temp = (Ow_Read(&PORTE, 2) << 8) + temp;
0x033F	0x3009      	MOVLW      PORTE
0x0340	0x00C1      	MOVWF      FARG_Ow_Read_port
0x0341	0x3002      	MOVLW      2
0x0342	0x00C2      	MOVWF      FARG_Ow_Read_pin
0x0343	0x221A      	CALL       _Ow_Read
0x0344	0x0870      	MOVF       R0, 0
0x0345	0x00F2      	MOVWF      R1+1
0x0346	0x01F1      	CLRF       R1
0x0347	0x0871      	MOVF       R1, 0
0x0348	0x07BF      	ADDWF      _temp, 1
0x0349	0x0872      	MOVF       R1+1, 0
0x034A	0x1803      	BTFSC      STATUS, 0
0x034B	0x3E01      	ADDLW      1
0x034C	0x07C0      	ADDWF      _temp+1, 1
;WaterTemperature.c,116 :: 		Lcd_Cmd(_LCD_CLEAR);                           // Clear LCD
0x034D	0x3001      	MOVLW      1
0x034E	0x00CC      	MOVWF      FARG_Lcd_Cmd_out_char
0x034F	0x201D      	CALL       _Lcd_Cmd
;WaterTemperature.c,117 :: 		Lcd_Cmd(_LCD_CURSOR_OFF);                      // Turn cursor off
0x0350	0x300C      	MOVLW      12
0x0351	0x00CC      	MOVWF      FARG_Lcd_Cmd_out_char
0x0352	0x201D      	CALL       _Lcd_Cmd
;WaterTemperature.c,118 :: 		Lcd_Out(1, 1, " Temperature:   ");
0x0353	0x3001      	MOVLW      1
0x0354	0x00C7      	MOVWF      FARG_Lcd_Out_row
0x0355	0x3001      	MOVLW      1
0x0356	0x00C8      	MOVWF      FARG_Lcd_Out_column
0x0357	0x3021      	MOVLW      ?lstr2_WaterTemperature
0x0358	0x00C9      	MOVWF      FARG_Lcd_Out_text
0x0359	0x2082      	CALL       _Lcd_Out
;WaterTemperature.c,121 :: 		Lcd_Chr(2,13,223);                             // Different LCD displays have different char code for degree
0x035A	0x3002      	MOVLW      2
0x035B	0x00C1      	MOVWF      FARG_Lcd_Chr_row
0x035C	0x300D      	MOVLW      13
0x035D	0x00C2      	MOVWF      FARG_Lcd_Chr_column
0x035E	0x30DF      	MOVLW      223
0x035F	0x00C3      	MOVWF      FARG_Lcd_Chr_out_char
0x0360	0x2286      	CALL       _Lcd_Chr
;WaterTemperature.c,123 :: 		Lcd_Chr(2,14,'C');
0x0361	0x3002      	MOVLW      2
0x0362	0x00C1      	MOVWF      FARG_Lcd_Chr_row
0x0363	0x300E      	MOVLW      14
0x0364	0x00C2      	MOVWF      FARG_Lcd_Chr_column
0x0365	0x3043      	MOVLW      67
0x0366	0x00C3      	MOVWF      FARG_Lcd_Chr_out_char
0x0367	0x2286      	CALL       _Lcd_Chr
;WaterTemperature.c,125 :: 		Display_Temperature(temp);
0x0368	0x083F      	MOVF       _temp, 0
0x0369	0x00C1      	MOVWF      FARG_Display_Temperature_temp2write
0x036A	0x0840      	MOVF       _temp+1, 0
0x036B	0x00C2      	MOVWF      FARG_Display_Temperature_temp2write+1
0x036C	0x2113      	CALL       _Display_Temperature
;WaterTemperature.c,126 :: 		Delay_ms(300);
0x036D	0x3008      	MOVLW      8
0x036E	0x00FB      	MOVWF      R11
0x036F	0x309D      	MOVLW      157
0x0370	0x00FC      	MOVWF      R12
0x0371	0x3005      	MOVLW      5
0x0372	0x00FD      	MOVWF      R13
L_Temperature4:
0x0373	0x0BFD      	DECFSZ     R13, 1
0x0374	0x2B73      	GOTO       L_Temperature4
0x0375	0x0BFC      	DECFSZ     R12, 1
0x0376	0x2B73      	GOTO       L_Temperature4
0x0377	0x0BFB      	DECFSZ     R11, 1
0x0378	0x2B73      	GOTO       L_Temperature4
0x0379	0x0000      	NOP
0x037A	0x0000      	NOP
;WaterTemperature.c,131 :: 		}
L_end_Temperature:
0x037B	0x0008      	RETURN
; end of _Temperature
___CC2DW:
;__Lib_System.c,134 :: 		
;__Lib_System.c,137 :: 		
_CC2D_Loop1:
;__Lib_System.c,139 :: 		
0x037C	0x2256      	CALL       _____DoICP
0x037D	0x118A      	BCF        PCLATH, 3
0x037E	0x120A      	BCF        PCLATH, 4
;__Lib_System.c,141 :: 		
0x037F	0x0080      	MOVWF      INDF
;__Lib_System.c,142 :: 		
0x0380	0x0A84      	INCF       FSR, 1
;__Lib_System.c,143 :: 		
0x0381	0x0ABD      	INCF       ___DoICPAddr, 1
;__Lib_System.c,145 :: 		
0x0382	0x1903      	BTFSC      STATUS, 2
;__Lib_System.c,146 :: 		
0x0383	0x0ABE      	INCF       ___DoICPAddr+1, 1
;__Lib_System.c,147 :: 		
0x0384	0x03F0      	DECF       R0, 1
;__Lib_System.c,149 :: 		
0x0385	0x1D03      	BTFSS      STATUS, 2
;__Lib_System.c,150 :: 		
0x0386	0x2B7C      	GOTO       _CC2D_Loop1
;__Lib_System.c,152 :: 		
L_end___CC2DW:
0x0387	0x0008      	RETURN
; end of ___CC2DW
_main:
0x0388	0x3032      	MOVLW      50
0x0389	0x1283      	BCF        STATUS, 5
0x038A	0x1303      	BCF        STATUS, 6
0x038B	0x00A0      	MOVWF      _text
0x038C	0x3020      	MOVLW      32
0x038D	0x00A1      	MOVWF      ?lstr2_WaterTemperature
0x038E	0x3054      	MOVLW      84
0x038F	0x00A2      	MOVWF      34
0x0390	0x3065      	MOVLW      101
0x0391	0x00A3      	MOVWF      35
0x0392	0x306D      	MOVLW      109
0x0393	0x00A4      	MOVWF      36
0x0394	0x3070      	MOVLW      112
0x0395	0x00A5      	MOVWF      37
0x0396	0x3065      	MOVLW      101
0x0397	0x00A6      	MOVWF      38
0x0398	0x3072      	MOVLW      114
0x0399	0x00A7      	MOVWF      39
0x039A	0x3061      	MOVLW      97
0x039B	0x00A8      	MOVWF      40
0x039C	0x3074      	MOVLW      116
0x039D	0x00A9      	MOVWF      41
0x039E	0x3075      	MOVLW      117
0x039F	0x00AA      	MOVWF      42
0x03A0	0x3072      	MOVLW      114
0x03A1	0x00AB      	MOVWF      43
0x03A2	0x3065      	MOVLW      101
0x03A3	0x00AC      	MOVWF      44
0x03A4	0x303A      	MOVLW      58
0x03A5	0x00AD      	MOVWF      45
0x03A6	0x3020      	MOVLW      32
0x03A7	0x00AE      	MOVWF      46
0x03A8	0x3020      	MOVLW      32
0x03A9	0x00AF      	MOVWF      47
0x03AA	0x3020      	MOVLW      32
0x03AB	0x00B0      	MOVWF      48
0x03AC	0x01B1      	CLRF       49
0x03AD	0x3030      	MOVLW      48
0x03AE	0x00B2      	MOVWF      ?lstr1_WaterTemperature
0x03AF	0x3030      	MOVLW      48
0x03B0	0x00B3      	MOVWF      51
0x03B1	0x3030      	MOVLW      48
0x03B2	0x00B4      	MOVWF      52
0x03B3	0x302E      	MOVLW      46
0x03B4	0x00B5      	MOVWF      53
0x03B5	0x3030      	MOVLW      48
0x03B6	0x00B6      	MOVWF      54
0x03B7	0x3030      	MOVLW      48
0x03B8	0x00B7      	MOVWF      55
0x03B9	0x3030      	MOVLW      48
0x03BA	0x00B8      	MOVWF      56
0x03BB	0x3030      	MOVLW      48
0x03BC	0x00B9      	MOVWF      57
0x03BD	0x01BA      	CLRF       58
;WaterTemperature.c,302 :: 		void main() {
;WaterTemperature.c,303 :: 		ADCON1 = 0x7A; //Configure AN Pins.
0x03BE	0x307A      	MOVLW      122
0x03BF	0x1683      	BSF        STATUS, 5
0x03C0	0x009F      	MOVWF      ADCON1
;WaterTemperature.c,305 :: 		CMCON = 0x07;  // To turn off comparators
0x03C1	0x3007      	MOVLW      7
0x03C2	0x009C      	MOVWF      CMCON
;WaterTemperature.c,307 :: 		Lcd_Init();    // Initialize LCD
0x03C3	0x22BB      	CALL       _Lcd_Init
;WaterTemperature.c,310 :: 		do {
L_main86:
;WaterTemperature.c,311 :: 		for(i=0; i<10; i++) {
0x03C4	0x01BC      	CLRF       _i
L_main89:
0x03C5	0x300A      	MOVLW      10
0x03C6	0x023C      	SUBWF      _i, 0
0x03C7	0x1803      	BTFSC      STATUS, 0
0x03C8	0x2BDA      	GOTO       L_main90
;WaterTemperature.c,312 :: 		Temperature();
0x03C9	0x2309      	CALL       _Temperature
;WaterTemperature.c,313 :: 		Delay_ms(300);
0x03CA	0x3008      	MOVLW      8
0x03CB	0x00FB      	MOVWF      R11
0x03CC	0x309D      	MOVLW      157
0x03CD	0x00FC      	MOVWF      R12
0x03CE	0x3005      	MOVLW      5
0x03CF	0x00FD      	MOVWF      R13
L_main92:
0x03D0	0x0BFD      	DECFSZ     R13, 1
0x03D1	0x2BD0      	GOTO       L_main92
0x03D2	0x0BFC      	DECFSZ     R12, 1
0x03D3	0x2BD0      	GOTO       L_main92
0x03D4	0x0BFB      	DECFSZ     R11, 1
0x03D5	0x2BD0      	GOTO       L_main92
0x03D6	0x0000      	NOP
0x03D7	0x0000      	NOP
;WaterTemperature.c,311 :: 		for(i=0; i<10; i++) {
0x03D8	0x0ABC      	INCF       _i, 1
;WaterTemperature.c,314 :: 		}
0x03D9	0x2BC5      	GOTO       L_main89
L_main90:
;WaterTemperature.c,316 :: 		} while(1);
0x03DA	0x2BC4      	GOTO       L_main86
;WaterTemperature.c,317 :: 		}
L_end_main:
0x03DB	0x2BDB      	GOTO       $+0
; end of _main
Symbol List:
//** Routines locations **
//ADDRESS    SIZE    PROCEDURE
//----------------------------------------------
0x0003       [7]    _Delay_50us
0x000A      [13]    _Delay_5500us
0x0017       [6]    _Delay_1us
0x001D      [64]    _Lcd_Cmd
0x005D       [8]    _Lcd_Chr_CP
0x0065      [29]    _Div_16X16_U
0x0082      [64]    _Lcd_Out
0x00C2       [9]    _Delay_80us
0x00CB      [17]    _Div_8X8_U
0x00DC      [12]    _Delay_500us
0x00E8      [43]    _Mul_16X16_U
0x0113     [209]    _Display_Temperature
0x01E4      [54]    _Ow_Write
0x021A      [60]    _Ow_Read
0x0256       [7]    _____DoICP
0x025D      [41]    _Ow_Reset
0x0286      [53]    _Lcd_Chr
0x02BB      [78]    _Lcd_Init
0x0309     [115]    _Temperature
0x037C      [12]    ___CC2DW
0x0388      [84]    _main
//** Variables locations ** 
//ADDRESS    SIZE    VARIABLE
//----------------------------------------------
0x0000       [1]    INDF
0x0002       [1]    PCL
0x0003       [1]    STATUS
0x0004       [1]    FSR
0x0006       [0]    LCD_EN
0x0006       [0]    LCD_D4
0x0006       [0]    LCD_D6
0x0006       [0]    LCD_D7
0x0006       [0]    LCD_D5
0x0006       [0]    RB4_bit
0x0006       [0]    LCD_RS
0x0006       [0]    RB5_bit
0x0006       [0]    RB3_bit
0x0006       [0]    RB0_bit
0x0006       [0]    RB2_bit
0x0006       [0]    RB1_bit
0x0009       [1]    PORTE
0x000A       [1]    PCLATH
0x0020       [1]    _text
0x0021      [17]    ?lstr2_WaterTemperature
0x0032       [9]    ?lstr1_WaterTemperature
0x003B       [0]    __Lib_Lcd_cmd_status
0x003C       [1]    _i
0x003D       [2]    ___DoICPAddr
0x003F       [2]    _temp
0x0041       [1]    FARG_Ow_Reset_port
0x0041       [1]    FARG_Ow_Write_port
0x0041       [2]    FARG_Display_Temperature_temp2write
0x0041       [1]    FARG_Lcd_Chr_row
0x0041       [1]    FARG_Ow_Read_port
0x0042       [1]    FARG_Ow_Write_pin
0x0042       [1]    FARG_Ow_Read_pin
0x0042       [1]    FARG_Ow_Reset_pin
0x0042       [1]    FARG_Lcd_Chr_column
0x0043       [1]    FARG_Ow_Write_data_
0x0043       [1]    Display_Temperature_temp_whole_L0
0x0043       [1]    Ow_Read_i_L0
0x0043       [1]    Ow_Reset_res_L0
0x0043       [1]    FARG_Lcd_Chr_out_char
0x0044       [1]    Ow_Reset_bit_mask_1_L0
0x0044       [1]    Ow_Write_i_L0
0x0044       [1]    Ow_Read_tmp_L0
0x0044       [2]    Display_Temperature_temp_fraction_L0
0x0045       [1]    Ow_Read_bit_mask_0_L0
0x0045       [1]    Ow_Write_bit_mask_0_L0
0x0046       [1]    Ow_Write_bit_mask_1_L0
0x0046       [1]    Ow_Read_bit_mask_1_L0
0x0046       [1]    FLOC__Display_Temperature
0x0047       [1]    FARG_Lcd_Out_row
0x0048       [1]    FARG_Lcd_Out_column
0x0049       [1]    FARG_Lcd_Out_text
0x004A       [1]    Lcd_Out_i_L0
0x004B       [1]    FARG_Lcd_Chr_CP_out_char
0x004C       [1]    FARG_Lcd_Cmd_out_char
0x0070       [1]    R0
0x0071       [1]    R1
0x0072       [1]    R2
0x0073       [1]    R3
0x0074       [1]    R4
0x0075       [1]    R5
0x0076       [1]    R6
0x0077       [1]    R7
0x0078       [1]    R8
0x0079       [1]    R9
0x007A       [1]    R10
0x007B       [1]    R11
0x007C       [1]    R12
0x007D       [1]    R13
0x007E       [1]    R14
0x007F       [1]    R15
0x0086       [0]    TRISB0_bit
0x0086       [0]    LCD_EN_Direction
0x0086       [0]    TRISB3_bit
0x0086       [0]    LCD_D4_Direction
0x0086       [0]    TRISB1_bit
0x0086       [0]    TRISB5_bit
0x0086       [0]    LCD_RS_Direction
0x0086       [0]    TRISB4_bit
0x0086       [0]    LCD_D7_Direction
0x0086       [0]    TRISB2_bit
0x0086       [0]    LCD_D5_Direction
0x0086       [0]    LCD_D6_Direction
0x009C       [1]    CMCON
0x009F       [1]    ADCON1
